================================================================================
CLI-FLAGS-003 Phase K3e: Per-φ Miller Index Parity
================================================================================

Configuration:
  Output directory: reports/2025-10-cli-flags/phase_l/parity_shim/20251008T032835Z
  Target pixel: (133, 134)
  Dtype: torch.float64
  Device: cpu

Tracing pixel (133, 134) across φ steps...

✅ PyTorch trace saved to: reports/2025-10-cli-flags/phase_l/parity_shim/20251008T032835Z/per_phi_pytorch_20251007-202850.json

--------------------------------------------------------------------------------
Per-φ Trace Summary (PyTorch)
--------------------------------------------------------------------------------

φ_tic   φ (deg)    h_frac       k_frac       l_frac       F_latt_b     F_latt        
--------------------------------------------------------------------------------
0       0.000000   26.415194    -9.899110    -11.067192   2.326202     -3.069002e-01 
1       0.011111   26.419057    -9.895139    -11.062391   0.688801     5.501208e-01  
2       0.022222   26.422919    -9.891167    -11.057591   -1.055548    -3.377610e+00 
3       0.033333   26.426780    -9.887194    -11.052792   -2.341222    -1.319461e+01 
4       0.044444   26.430641    -9.883221    -11.047993   -2.786081    -1.790987e+01 
5       0.055556   26.434502    -9.879247    -11.043194   -2.300591    -1.117186e+01 
6       0.066667   26.438362    -9.875271    -11.038395   -1.098195    -2.060702e+00 
7       0.077778   26.442221    -9.871296    -11.033597   0.390626     -7.556347e-02 
8       0.088889   26.446081    -9.867319    -11.028800   1.668153     1.705728e+00  
9       0.100000   26.449939    -9.863341    -11.024003   2.332342     1.489655e+01  

✅ Summary markdown saved to: reports/2025-10-cli-flags/phase_l/parity_shim/20251008T032835Z/per_phi_summary_20251007-202850.md

================================================================================
Next Steps:
================================================================================

1. Instrument C code (golden_suite_generator/nanoBragg.c) to log:
   TRACE_C_PHI φ_tic=<idx> phi_deg=<angle> k=<val> F_latt_b=<val>

2. Rebuild: make -C golden_suite_generator

3. Run C with supervisor command, capture stdout → per_phi_c.log

4. Compare C vs PyTorch traces to find first divergence

