ERROR `Tensor` is not assignable to attribute `hkl_data` with type `None` [bad-assignment]
   --> /Users/ollie/Documents/nanoBragg/src/nanobrag_torch/models/crystal.py:149:29
    |
149 |             self.hkl_data = torch.tensor(hkl_list, device=self.device, dtype=self.dtype)
    |                             ^^^^^^^^^^^^^^^^^^^^^^^^^^^^^^^^^^^^^^^^^^^^^^^^^^^^^^^^^^^^
    |
ERROR `Tensor` is not assignable to attribute `hkl_data` with type `None` [bad-assignment]
   --> /Users/ollie/Documents/nanoBragg/src/nanobrag_torch/models/crystal.py:152:29
    |
152 |             self.hkl_data = torch.empty((0, 4), device=self.device, dtype=self.dtype)
    |                             ^^^^^^^^^^^^^^^^^^^^^^^^^^^^^^^^^^^^^^^^^^^^^^^^^^^^^^^^^
    |
ERROR `**` is not supported between `Tensor` and `Literal[2]` [unsupported-operation]
   --> /Users/ollie/Documents/nanoBragg/src/nanobrag_torch/models/crystal.py:364:55
    |
364 |         sin_gamma_star = torch.sqrt(torch.clamp(1.0 - cos_gamma_star_clamped**2, min=0.0))
    |                                                       ^^^^^^^^^^^^^^^^^^^^^^^^^
    |
  Argument `Literal[2]` is not assignable to parameter with type `TensorBase`
ERROR `**` is not supported between `Tensor` and `Literal[2]` [unsupported-operation]
   --> /Users/ollie/Documents/nanoBragg/src/nanobrag_torch/models/crystal.py:364:55
    |
364 |         sin_gamma_star = torch.sqrt(torch.clamp(1.0 - cos_gamma_star_clamped**2, min=0.0))
    |                                                       ^^^^^^^^^^^^^^^^^^^^^^^^^
    |
  Expected 1 more positional argument
ERROR Object of class `float` has no attribute `unsqueeze` [missing-attribute]
   --> /Users/ollie/Documents/nanoBragg/src/nanobrag_torch/models/crystal.py:583:26
    |
583 |             phi_angles = phi_angles.unsqueeze(0)  # Add batch dimension
    |                          ^^^^^^^^^^^^^^^^^^^^
    |
ERROR No matching overload found for function `torch._C._VariableFunctions.any` [no-matching-overload]
   --> /Users/ollie/Documents/nanoBragg/src/nanobrag_torch/models/crystal.py:615:21
    |
615 |         if torch.any(config.mosaic_spread_deg > 0.0):
    |                     ^^^^^^^^^^^^^^^^^^^^^^^^^^^^^^^^
    |
  Possible overloads:
  (input: Tensor, *, out: Tensor | None = None) -> Tensor [closest match]
  (input: Tensor, dim: Unknown | None = None, keepdim: bool = False, *, out: Tensor | None = None) -> Tensor
  (input: Tensor, dim: int, keepdim: bool = False, *, out: Tensor | None = None) -> Tensor
  (input: Tensor, dim: EllipsisType | str | None, keepdim: bool = False, *, out: Tensor | None = None) -> Tensor
ERROR Argument `float` is not assignable to parameter `input` with type `Tensor` in function `torch._C._VariableFunctions.deg2rad` [bad-argument-type]
   --> /Users/ollie/Documents/nanoBragg/src/nanobrag_torch/models/crystal.py:651:43
    |
651 |         mosaic_spread_rad = torch.deg2rad(config.mosaic_spread_deg)
    |                                           ^^^^^^^^^^^^^^^^^^^^^^^^
    |
 INFO 7 errors
