TRACE_C:detector_convention=MOSFLM
TRACE_C:angles_rad=rotx:0 roty:0 rotz:0 twotheta:0
TRACE_C:beam_center_m=X:1.285e-05 Y:1.285e-05 pixel_mm:0.1
TRACE_C:initial_fdet=0 0 1
TRACE_C:initial_sdet=0 -1 0
TRACE_C:initial_odet=1 0 0
TRACE_C:Rx=[1 0 0; 0 1 -0; 0 0 1]
TRACE_C:Ry=[1 0 0; 0 1 0; -0 0 1]
TRACE_C:Rz=[1 -0 0; 0 1 0; 0 0 1]
TRACE_C:R_total=[1 0 0; 0 1 0; 0 0 1]
TRACE_C:fdet_after_rotz=0 0 1
TRACE_C:sdet_after_rotz=0 -1 0
TRACE_C:odet_after_rotz=1 0 0
TRACE_C:twotheta_axis=0 0 -1
TRACE_C:fdet_after_twotheta=0 0 1
TRACE_C:sdet_after_twotheta=0 -1 0
TRACE_C:odet_after_twotheta=1 0 0
TRACE_C:convention_mapping=Fbeam←Ybeam_mm(+0.5px),Sbeam←Xbeam_mm(+0.5px),beam_vec=[1 0 0]
TRACE_C:Fbeam_m=0.0129
TRACE_C:Sbeam_m=0.0129
TRACE_C:distance_m=0.05
TRACE_C:term_fast=-0 -0 -0.0129
TRACE_C:term_slow=-0 0.0129 -0
TRACE_C:term_beam=0.05 0 0
TRACE_C:pix0_vector=0.05 0.0129 -0.0129
TRACE_C: pixel_pos_meters 0.05 4.99999999999997e-05 -0.00645
TRACE_C: R_distance_meters 0.0504143332793364
TRACE_C: omega_pixel_sr 3.90218558305036e-06
TRACE_C: close_distance_meters 0.05
TRACE_C: obliquity_factor 0.991781438880871
TRACE_C: diffracted_vec 0.991781438880871 0.000991781438880865 -0.127939805615632
TRACE_C: incident_vec 1 0 -0
TRACE_C: lambda_meters 1e-10
TRACE_C: scattering_vec_A_inv -82185611.1912866 9917814.38880865 -1279398056.15632
TRACE_C: polar_axis 0 0 1
TRACE_C: polarization_factor 0.991815211254306
TRACE_C: hkl_frac -0.821856111912867 0.0991781438880857 -12.7939805615632
TRACE_C: hkl_rounded -1 0 -13
TRACE_C: F_latt_a 1
TRACE_C: F_latt_b 1
TRACE_C: F_latt_c 1
TRACE_C: F_latt 1
TRACE_C: F_cell 100
TRACE_C: I_before_scaling 10000
TRACE_C: r_e_sqr 7.94079248018965e-30
TRACE_C: fluence 1.25932015286227e+29
TRACE_C: steps 1
TRACE_C: oversample_thick 0
TRACE_C: oversample_polar 0
TRACE_C: oversample_omega 0
TRACE_C: capture_fraction 1
TRACE_C: polar 0.991815211254306
TRACE_C: omega_pixel 3.90218558305036e-06
TRACE_C: I_pixel_final 0.038702470184066
TRACE_C: floatimage_accumulated 0.0387024693191051
