C binary: /home/ollie/Documents/tmp/nanoBragg/golden_suite_generator/nanoBragg
PyTorch command: nanoBragg

Running C implementation...
C runtime: 0.556 s
Running PyTorch implementation...
Py runtime: 5.892 s

Loading float images...
C image shape: (2527, 2463)
PyTorch image shape: (2527, 2463)

Computing metrics...

==================================================
COMPARISON SUMMARY
==================================================
Correlation: 0.985405
RMSE: 0.380357
Max absolute difference: 6.262880
C sum: 0.00
Py sum: 176.14
Sum ratio (Py/C): 115558.382812
Mean peak distance: 0.00 pixels
Max peak distance: 0.00 pixels
Runtime speedup (C/Py): 0.09x

Saving PNG previews to reports/2025-10-cli-flags/phase_l/nb_compare_phi_fix/

✓ PASS: Correlation 0.985405 >= 0.95
