TRACE_PY: pix0_vector_meters -0.216475710272789 0.216343179345131 -0.230195268988609
TRACE_PY: fdet_vec 0.999981999397278 -0.00599800003692508 -0.000118000003567431
TRACE_PY: sdet_vec -0.00599800003692508 -0.999970018863678 -0.0049129999242723
TRACE_PY: pixel_pos_meters -0.0383921265602112 0.0973683074116707 -0.230795636773109
TRACE_PY: R_distance_meters 0.253418952226639
TRACE_PY: omega_pixel_sr 4.20404859369228e-07
TRACE_PY: close_distance_meters 0.231274679303169
TRACE_PY: obliquity_factor 0.912617921829224
TRACE_PY: diffracted_vec -0.151496648788452 0.384218692779541 -0.910727560520172
TRACE_PY: incident_vec 0.000513879465870559 0 -0.99999988079071
TRACE_PY: lambda_meters 9.7680002450943e-11
TRACE_PY: lambda_angstroms 0.97680002450943
TRACE_PY: scattering_vec_A_inv -1556209280 3933442816 913926272
TRACE_PY: rot_a_angstroms -14.3562698364258 -21.8717937469482 -5.58202123641968
TRACE_PY: rot_b_angstroms -11.4986982345581 0.717319786548615 -29.1132164001465
TRACE_PY: rot_c_angstroms 21.0699501037598 -24.3892974853516 -9.75265312194824
TRACE_PY: rot_a_star_A_inv -0.0290510933846235 -0.0293958801776171 0.010749876499176
TRACE_PY: rot_b_star_A_inv -0.00312639237381518 0.0104376431554556 -0.0328566692769527
TRACE_PY: rot_c_star_A_inv 0.0259604379534721 -0.0143330143764615 -0.0106066130101681
TRACE_PY: hkl_frac -6.87916421890259 -0.589141607284546 -13.763635635376
TRACE_PY: hkl_rounded -7 -1 -14
TRACE_PY: F_latt_a -2.40480732917786
TRACE_PY: F_latt_b -0.861241281032562
TRACE_PY: F_latt_c 0.652478158473969
TRACE_PY: F_latt 1.35136013608642
TRACE_PY: F_cell 190.270004272461
TRACE_PY: I_before_scaling 713431
TRACE_PY: r_e_meters 2.81794118441937e-15
TRACE_PY: r_e_sqr 7.9407927259064e-30
TRACE_PY: fluence_photons_per_m2 1.00000001384843e+24
TRACE_PY: steps 10
TRACE_PY: oversample_thick 0
TRACE_PY: oversample_polar 0
TRACE_PY: oversample_omega 0
TRACE_PY: capture_fraction 1
TRACE_PY: polar 0.914641380310059
TRACE_PY: omega_pixel 4.20404859369228e-07
TRACE_PY: cos_2theta 0.910649597644806
TRACE_PY: I_pixel_final 2.38167999100369e-07
TRACE_PY: floatimage_accumulated 2.38167999100369e-07
