TRACE_PY: pix0_vector_meters -0.216475710272789 0.216343179345131 -0.230195268988609
TRACE_PY: fdet_vec 0.999981999397278 -0.00599800003692508 -0.000118000003567431
TRACE_PY: sdet_vec -0.00599800003692508 -0.999970018863678 -0.0049129999242723
TRACE_PY: pixel_pos_meters -0.0383921265602112 0.0973683074116707 -0.230795636773109
TRACE_PY: R_distance_meters 0.253418952226639
TRACE_PY: omega_pixel_sr 4.20404859369228e-07
TRACE_PY: close_distance_meters 0.231274679303169
TRACE_PY: obliquity_factor 0.912617921829224
TRACE_PY: diffracted_vec -0.151496648788452 0.384218692779541 -0.910727560520172
TRACE_PY: incident_vec 0.000513879465870559 0 -0.99999988079071
TRACE_PY: lambda_meters 9.7680002450943e-11
TRACE_PY: lambda_angstroms 0.97680002450943
TRACE_PY: scattering_vec_A_inv -1556209280 3933442816 913926272
TRACE_PY: rot_a_angstroms 23.4300346374512 9.77550601959229 8.43265151977539
TRACE_PY: rot_b_angstroms 0 31.3018341064453 0.713449358940125
TRACE_PY: rot_c_angstroms 0 0 33.6733512878418
TRACE_PY: rot_a_star_A_inv 0.0426802635192871 0 0
TRACE_PY: rot_b_star_A_inv -0.0133289685472846 0.0319470129907131 0
TRACE_PY: rot_c_star_A_inv -0.0104058021679521 -0.000676872790791094 0.0296970773488283
TRACE_PY: hkl_frac 0.969617962837219 12.3776016235352 3.07749605178833
TRACE_PY: hkl_rounded 1 12 3
TRACE_PY: F_latt_a 3.04600620269775
TRACE_PY: F_latt_b -0.769257545471191
TRACE_PY: F_latt_c 2.90910530090332
TRACE_PY: F_latt -6.81650864593634
TRACE_PY: F_cell 0
TRACE_PY: I_before_scaling 0
TRACE_PY: r_e_meters 2.81794118441937e-15
TRACE_PY: r_e_sqr 7.9407927259064e-30
TRACE_PY: fluence_photons_per_m2 1.00000001384843e+24
TRACE_PY: steps 10
TRACE_PY: oversample_thick 0
TRACE_PY: oversample_polar 0
TRACE_PY: oversample_omega 0
TRACE_PY: capture_fraction 1
TRACE_PY: polar 0.914641380310059
TRACE_PY: omega_pixel 4.20404859369228e-07
TRACE_PY: cos_2theta 0.910649597644806
TRACE_PY: I_pixel_final 0
TRACE_PY: floatimage_accumulated 0
