TRACE_PY: fdet_after_rotz 0.000000000000000e+00 0.000000000000000e+00 1.000000000000000e+00
TRACE_PY: sdet_after_rotz 0.000000000000000e+00 -1.000000000000000e+00 0.000000000000000e+00
TRACE_PY: odet_after_rotz 1.000000000000000e+00 0.000000000000000e+00 0.000000000000000e+00
TRACE_PY: twotheta_axis 0.000000000000000e+00 0.000000000000000e+00 -1.000000000000000e+00
TRACE_PY: fdet_after_twotheta 0.000000000000000e+00 0.000000000000000e+00 1.000000000000000e+00
TRACE_PY: sdet_after_twotheta 0.000000000000000e+00 -1.000000000000000e+00 0.000000000000000e+00
TRACE_PY: odet_after_twotheta 1.000000000000000e+00 0.000000000000000e+00 0.000000000000000e+00
TRACE_PY: detector_convention MOSFLM
TRACE_PY: angles_rad rotx:0.000000000000000e+00 roty:0.000000000000000e+00 rotz:0.000000000000000e+00 twotheta:0.000000000000000e+00
TRACE_PY: beam_center_m X:1.024250000000000e-01 Y:1.024250000000000e-01 pixel_mm:0.05
TRACE_PY: initial_fdet 0.000000000000000e+00 0.000000000000000e+00 1.000000000000000e+00
TRACE_PY: initial_sdet 0.000000000000000e+00 -1.000000000000000e+00 0.000000000000000e+00
TRACE_PY: initial_odet 1.000000000000000e+00 0.000000000000000e+00 0.000000000000000e+00
TRACE_PY: Rx [1 0 0; 0 1 0; 0 0 1]
TRACE_PY: Ry [1 0 0; 0 1 0; 0 0 1]
TRACE_PY: Rz [1 0 0; 0 1 0; 0 0 1]
TRACE_PY: R_total [1 0 0; 0 1 0; 0 0 1]
TRACE_PY: fdet_after_rotz 0.000000000000000e+00 0.000000000000000e+00 1.000000000000000e+00
TRACE_PY: sdet_after_rotz 0.000000000000000e+00 -1.000000000000000e+00 0.000000000000000e+00
TRACE_PY: odet_after_rotz 1.000000000000000e+00 0.000000000000000e+00 0.000000000000000e+00
TRACE_PY: twotheta_axis 0.000000000000000e+00 0.000000000000000e+00 -1.000000000000000e+00
TRACE_PY: fdet_after_twotheta 0.000000000000000e+00 0.000000000000000e+00 1.000000000000000e+00
TRACE_PY: sdet_after_twotheta 0.000000000000000e+00 -1.000000000000000e+00 0.000000000000000e+00
TRACE_PY: odet_after_twotheta 1.000000000000000e+00 0.000000000000000e+00 0.000000000000000e+00
TRACE_PY: convention_mapping Fbeam←Ybeam_mm(+0.5px),Sbeam←Xbeam_mm(+0.5px),beam_vec=[1 0 0]
TRACE_PY: Fbeam_m 1.024250000000000e-01
TRACE_PY: Sbeam_m 1.024250000000000e-01
TRACE_PY: distance_m 5.000000000000000e-01
TRACE_PY: term_fast -0.000000000000000e+00 -0.000000000000000e+00 -1.024250000000000e-01
TRACE_PY: term_slow -0.000000000000000e+00 1.024250000000000e-01 -0.000000000000000e+00
TRACE_PY: term_beam 5.000000000000000e-01 0.000000000000000e+00 0.000000000000000e+00
TRACE_PY: pix0_vector 5.000000000000000e-01 1.024500000000000e-01 -1.024500000000000e-01
TRACE_PY: pix0_vector_meters 5.000000000000000e-01 1.024500000000000e-01 -1.024500000000000e-01
TRACE_PY: fdet_vec 0.000000000000000e+00 0.000000000000000e+00 1.000000000000000e+00
TRACE_PY: sdet_vec 0.000000000000000e+00 -1.000000000000000e+00 0.000000000000000e+00
TRACE_PY: pixel_pos_meters 5.000000000000000e-01 1.024250000000000e-01 -1.024250000000000e-01
TRACE_PY: R_distance_meters 5.205590852631428e-01
TRACE_PY: omega_pixel_sr 8.861350630422489e-09
TRACE_PY: close_distance_meters 5.000000000000000e-01
TRACE_PY: obliquity_factor 9.605057603542735e-01
TRACE_PY: diffracted_vec 9.605057603542735e-01 1.967596050085730e-01 -1.967596050085730e-01
TRACE_PY: incident_vec 1.000000000000000e+00 0.000000000000000e+00 0.000000000000000e+00
TRACE_PY: lambda_meters 5.000000000000000e-11
TRACE_PY: lambda_angstroms 5.000000000000000e-01
TRACE_PY: scattering_vec_A_inv -7.898847929145303e+08 3.935192100171459e+09 -3.935192100171459e+09
TRACE_PY: rot_a_angstroms 1.000000000000000e+02 6.123233995736766e-15 6.123233995736767e-15
TRACE_PY: rot_b_angstroms 0.000000000000000e+00 1.000000000000000e+02 6.123233995736767e-15
TRACE_PY: rot_c_angstroms 0.000000000000000e+00 0.000000000000000e+00 1.000000000000000e+02
TRACE_PY: rot_a_star_A_inv 1.000000000000000e-02 0.000000000000000e+00 0.000000000000000e+00
TRACE_PY: rot_b_star_A_inv -6.123233995736766e-19 1.000000000000000e-02 0.000000000000000e+00
TRACE_PY: rot_c_star_A_inv -6.123233995736766e-19 -6.123233995736766e-19 1.000000000000000e-02
TRACE_PY: hkl_frac -7.898847929145303e+00 3.935192100171459e+01 -3.935192100171459e+01
TRACE_PY: hkl_rounded -8.000000000000000e+00 3.900000000000000e+01 -3.900000000000000e+01
TRACE_PY: F_latt_a 3.199914728590501e+00
TRACE_PY: F_latt_b -7.669554204374307e-01
TRACE_PY: F_latt_c -7.669554204374307e-01
TRACE_PY: F_latt 1.882255815801637e+00
TRACE_PY: F_cell 1.000000000000000e+02
TRACE_PY: I_before_scaling 3.542886956119085e+04
TRACE_PY: r_e_meters 2.817940322700000e-15
TRACE_PY: r_e_sqr 7.940787662298581e-30
TRACE_PY: fluence_photons_per_m2 1.259320152862271e+29
TRACE_PY: steps 4
TRACE_PY: oversample_thick 0
TRACE_PY: oversample_polar 0
TRACE_PY: oversample_omega 0
TRACE_PY: capture_fraction 1.000000000000000e+00
TRACE_PY: polar 9.612856578368705e-01
TRACE_PY: omega_pixel 8.861350630422489e-09
TRACE_PY: cos_2theta 9.605057603542735e-01
TRACE_PY: I_pixel_final 7.544829408209270e-05
TRACE_PY: floatimage_accumulated 7.544829408209270e-05
