[SYNC] Waiting for expected_actor=ralph...
Current branch feature/spec-based-2 is up to date.
Current branch feature/spec-based-2 is up to date.
Current branch feature/spec-based-2 is up to date.
Current branch feature/spec-based-2 is up to date.
Current branch feature/spec-based-2 is up to date.
Current branch feature/spec-based-2 is up to date.
Current branch feature/spec-based-2 is up to date.
Current branch feature/spec-based-2 is up to date.
Current branch feature/spec-based-2 is up to date.
Current branch feature/spec-based-2 is up to date.
Current branch feature/spec-based-2 is up to date.
Current branch feature/spec-based-2 is up to date.
Current branch feature/spec-based-2 is up to date.
Current branch feature/spec-based-2 is up to date.
Already up to date.
Updating f988b25..46e0566
Fast-forward
 sync/state.json | 2 +-
 1 file changed, 1 insertion(+), 1 deletion(-)
From github.com:hoidn/nanoBragg
   f988b25..46e0566  feature/spec-based-2 -> origin/feature/spec-based-2
