[SYNC] Waiting for expected_actor=ralph...
Already up to date.
Updating 26bbda3..154f58a
Fast-forward
 sync/state.json | 2 +-
 1 file changed, 1 insertion(+), 1 deletion(-)
From github.com:hoidn/nanoBragg
   26bbda3..154f58a  feature/spec-based-2 -> origin/feature/spec-based-2
Already up to date.
Already up to date.
Already up to date.
Already up to date.
Already up to date.
Already up to date.
Already up to date.
Already up to date.
Already up to date.
Already up to date.
Already up to date.
Already up to date.
Already up to date.
Already up to date.
Already up to date.
Already up to date.
Already up to date.
Already up to date.
Already up to date.
Already up to date.
Already up to date.
Already up to date.
Already up to date.
Already up to date.
Already up to date.
Already up to date.
Already up to date.
Already up to date.
Already up to date.
Already up to date.
Already up to date.
Already up to date.
Already up to date.
Already up to date.
Already up to date.
Already up to date.
Already up to date.
Already up to date.
Already up to date.
Already up to date.
Already up to date.
Already up to date.
Already up to date.
Already up to date.
Already up to date.
Already up to date.
Already up to date.
Already up to date.
Already up to date.
Already up to date.
Already up to date.
Already up to date.
Already up to date.
Already up to date.
Already up to date.
Already up to date.
Already up to date.
Already up to date.
Already up to date.
Already up to date.
Already up to date.
Already up to date.
Already up to date.
Already up to date.
Already up to date.
Already up to date.
Already up to date.
Already up to date.
Already up to date.
Already up to date.
Already up to date.
Already up to date.
Already up to date.
Already up to date.
Already up to date.
Already up to date.
Already up to date.
Already up to date.
Already up to date.
Already up to date.
Already up to date.
Already up to date.
Already up to date.
Already up to date.
Already up to date.
Updating 154f58a..2f28be7
Fast-forward
 docs/fix_plan.md                                   |    19 +
 .../galph/iter-00015_20251006_032409.log           |  2708 ++++
 .../galph/iter-00016_20251006_034657.log           |  2243 ++++
 .../galph/iter-00017_20251006_041501.log           |  4043 ++++++
 .../galph/iter-00018_20251006_043550.log           |  1866 +++
 .../galph/iter-00019_20251006_045202.log           |  3540 ++++++
 .../galph/iter-00020_20251006_051503.log           |  7959 ++++++++++++
 .../galph/iter-00021_20251006_053437.log           |  3157 +++++
 .../galph/iter-00022_20251006_060523.log           |  1958 +++
 .../galph/iter-00023_20251006_061800.log           |  3694 ++++++
 .../galph/iter-00024_20251006_063102.log           |  2745 ++++
 .../galph/iter-00025_20251006_064524.log           |  4655 +++++++
 .../galph/iter-00026_20251006_070958.log           |  3988 ++++++
 .../galph/iter-00027_20251006_073510.log           |  2848 +++++
 .../galph/iter-00028_20251006_080010.log           |  2015 +++
 .../galph/iter-00029_20251006_082425.log           |  4387 +++++++
 .../galph/iter-00029_20251006_083723.log           |  2654 ++++
 .../galph/iter-00029_20251006_085056.log           |  1456 +++
 .../galph/iter-00030_20251006_091749.log           |  2838 +++++
 .../galph/iter-00031_20251006_094143.log           |  2583 ++++
 .../galph/iter-00032_20251006_101013.log           |  4447 +++++++
 .../galph/iter-00033_20251006_102736.log           |  2684 ++++
 .../galph/iter-00034_20251006_104247.log           |  1347 ++
 .../galph/iter-00035_20251006_110015.log           |  4376 +++++++
 .../galph/iter-00035_20251006_150738.log           |  2275 ++++
 .../galph/iter-00036_20251006_152959.log           |  4115 ++++++
 .../galph/iter-00037_20251006_155707.log           | 11287 ++++++++++++++++
 .../galph/iter-00038_20251006_161649.log           |  3155 +++++
 .../galph/iter-00039_20251006_164308.log           |  1514 +++
 .../galph/iter-00040_20251006_170959.log           |  2472 ++++
 .../galph/iter-00041_20251006_173957.log           |  2355 ++++
 .../galph/iter-00042_20251006_175419.log           |  4972 ++++++++
 .../galph/iter-00042_20251006_183154.log           |  3170 +++++
 .../galph/iter-00043_20251006_185451.log           |  2417 ++++
 .../galph/iter-00044_20251006_190656.log           |  3038 +++++
 .../galph/iter-00045_20251006_192408.log           |  1782 +++
 .../galph/iter-00046_20251006_194803.log           |  4145 ++++++
 .../galph/iter-00047_20251006_201801.log           |  3518 +++++
 .../galph/iter-00048_20251006_203716.log           |  3720 ++++++
 .../galph/iter-00049_20251006_210522.log           |  1947 +++
 .../galph/iter-00050_20251006_212906.log           |  3367 +++++
 .../galph/iter-00051_20251006_214918.log           |  4645 +++++++
 .../galph/iter-00052_20251006_221707.log           |  2550 ++++
 .../galph/iter-00052_20251006_222728.log           |  2748 ++++
 .../galph/iter-00053_20251006_224746.log           |  6864 ++++++++++
 .../galph/iter-00053_20251006_230233.log           |  2711 ++++
 .../galph/iter-00054_20251006_233007.log           |  2219 ++++
 .../galph/iter-00055_20251006_234831.log           |  1508 +++
 .../galph/iter-00055_20251006_235846.log           |    25 +
 .../galph/iter-00055_20251007_000209.log           |  2591 ++++
 .../galph/iter-00057_20251007_003811.log           |  7268 +++++++++++
 .../galph/iter-00058_20251007_005645.log           |  3161 +++++
 .../galph/iter-00059_20251007_011917.log           |  7526 +++++++++++
 .../galph/iter-00060_20251007_014456.log           |  1975 +++
 .../galph/iter-00061_20251007_015604.log           |  3240 +++++
 .../galph/iter-00062_20251007_020959.log           |  3271 +++++
 .../galph/iter-00063_20251007_023114.log           |  3224 +++++
 .../galph/iter-00064_20251007_030226.log           |  1920 +++
 .../galph/iter-00065_20251007_032034.log           |  5248 ++++++++
 .../galph/iter-00066_20251007_034408.log           |  1981 +++
 .../galph/iter-00067_20251007_043525.log           |  1242 ++
 .../galph/iter-00068_20251007_045230.log           |  1623 +++
 .../galph/iter-00069_20251007_050318.log           |  5454 ++++++++
 .../galph/iter-00070_20251007_052939.log           |  3078 +++++
 .../galph/iter-00071_20251007_054652.log           |  2395 ++++
 .../galph/iter-00071_20251007_055425.log           |  6748 ++++++++++
 .../galph/iter-00072_20251007_062720.log           |  1978 +++
 .../galph/iter-00074_20251007_064740.log           |  2369 ++++
 .../galph/iter-00075_20251007_065537.log           |  3641 ++++++
 .../galph/iter-00075_20251007_070827.log           |    21 +
 .../galph/iter-00075_20251007_071020.log           |  2718 ++++
 .../galph/iter-00077_20251007_072611.log           |  2961 +++++
 .../galph/iter-00078_20251007_073720.log           |  1790 +++
 .../galph/iter-00079_20251007_074816.log           |  3028 +++++
 .../galph/iter-00080_20251007_080023.log           |  5100 ++++++++
 .../galph/iter-00081_20251007_081527.log           |  2296 ++++
 .../galph/iter-00082_20251007_083212.log           |  1362 ++
 .../galph/iter-00083_20251007_084214.log           |  2119 ++++
 .../galph/iter-00084_20251007_090009.log           |  4216 ++++++
 .../galph/iter-00085_20251007_091351.log           |  2405 ++++
 .../galph/iter-00086_20251007_093354.log           |  5402 ++++++++
 .../galph/iter-00087_20251007_095436.log           | 12699 +++++++++++++++++++
 .../galph/iter-00088_20251007_101519.log           |  1394 ++
 .../galph/iter-00089_20251007_102743.log           |  6206 +++++++++
 .../galph/iter-00090_20251007_104630.log           |  2944 +++++
 .../galph/iter-00091_20251007_110439.log           |  1972 +++
 .../galph/iter-00092_20251007_112127.log           |  2649 ++++
 .../galph/iter-00093_20251007_113947.log           |  2799 ++++
 .../galph/iter-00094_20251007_115902.log           |  3222 +++++
 .../galph/iter-00095_20251007_121724.log           |  1595 +++
 .../galph/iter-00096_20251007_123404.log           |  8411 ++++++++++++
 .../galph/iter-00097_20251007_125117.log           |  2714 ++++
 .../galph/iter-00098_20251007_132349.log           |  1756 +++
 .../galph/iter-00099_20251007_134459.log           |  6836 ++++++++++
 .../galph/iter-00100_20251007_140622.log           |  2591 ++++
 .../galph/iter-00101_20251007_142924.log           |  2873 +++++
 .../galph/iter-00102_20251007_145656.log           |  2928 +++++
 .../galph/iter-00103_20251007_151605.log           |  3125 +++++
 .../galph/iter-00104_20251007_153123.log           |  2093 +++
 .../galph/iter-00105_20251007_154605.log           |  3720 ++++++
 .../galph/iter-00106_20251007_181734.log           |  2780 ++++
 .../galph/iter-00107_20251007_183211.log           |  2425 ++++
 .../galph/iter-00107_20251007_184730.log           |  4500 +++++++
 .../galph/iter-00108_20251007_190439.log           |  3857 ++++++
 .../galph/iter-00109_20251007_192126.log           |  3021 +++++
 .../galph/iter-00110_20251007_194416.log           |  3755 ++++++
 .../galph/iter-00111_20251007_211310.log           |  3822 ++++++
 .../galph/iter-00112_20251007_213514.log           |  6031 +++++++++
 .../galph/iter-00113_20251007_215106.log           |  1148 ++
 .../galph/iter-00114_20251007_220127.log           |  1649 +++
 .../galph/iter-00115_20251007_220934.log           |  2108 +++
 .../galph/iter-00116_20251007_222411.log           |  4506 +++++++
 .../galph/iter-00117_20251007_224552.log           |  9058 +++++++++++++
 .../galph/iter-00118_20251007_230711.log           |  1734 +++
 .../galph/iter-00119_20251007_231854.log           |  2364 ++++
 .../galph/iter-00120_20251007_233221.log           |  1703 +++
 .../galph/iter-00121_20251007_235341.log           |  3337 +++++
 .../galph/iter-00122_20251008_001237.log           |  1360 ++
 .../galph/iter-00123_20251008_003122.log           |  2409 ++++
 .../galph/iter-00123_20251008_004143.log           |  4125 ++++++
 .../galph/iter-00125_20251008_010923.log           |  4324 +++++++
 .../galph/iter-00126_20251008_014509.log           |  8503 +++++++++++++
 .../galph/iter-00127_20251008_021036.log           |  3001 +++++
 .../galph/iter-00128_20251008_023610.log           |  3098 +++++
 .../galph/iter-00129_20251008_030228.log           |  1339 ++
 .../galph/iter-00130_20251008_031144.log           |  2678 ++++
 .../galph/iter-00131_20251008_032103.log           |  1972 +++
 .../galph/iter-00132_20251008_033309.log           |  2063 +++
 .../galph/iter-00133_20251008_034923.log           |  3858 ++++++
 .../galph/iter-00134_20251008_040211.log           |  1914 +++
 .../galph/iter-00135_20251008_041147.log           |  5983 +++++++++
 .../galph/iter-00136_20251008_042730.log           |  1614 +++
 .../galph/iter-00137_20251008_043859.log           |  2274 ++++
 .../galph/iter-00138_20251008_045442.log           |  6231 +++++++++
 .../galph/iter-00139_20251008_050838.log           |  9858 ++++++++++++++
 .../galph/iter-00139_20251008_053123.log           |  1788 +++
 .../galph/iter-00141_20251008_053957.log           |  1517 +++
 .../galph/iter-00141_20251008_054647.log           |  2445 ++++
 plans/active/cli-noise-pix0/plan.md                |     2 +-
 .../20251008T055257Z/trace_py_scaling_per_phi.json |   152 +
 .../20251008T055257Z/trace_py_scaling_per_phi.log  |    10 +
 .../20251008T055533Z/trace_py_scaling_per_phi.json |   152 +
 .../20251008T055533Z/trace_py_scaling_per_phi.log  |    10 +
 .../phase_l/scaling_audit/trace_py_env.json        |    14 +-
 .../20251008T055257Z/manual_metrics.json           |    80 +
 .../20251008T055257Z/manual_scaling_summary.md     |    26 +
 .../20251008T055257Z/trace_py_scaling.log          |    44 +
 .../20251008T055533Z/manual_metrics.json           |    80 +
 .../20251008T055533Z/manual_scaling_summary.md     |    26 +
 .../20251008T055533Z/trace_py_scaling.log          |    44 +
 scripts/orchestration/README.md                    |     6 +
 scripts/orchestration/loop.py                      |   101 +
 152 files changed, 463498 insertions(+), 8 deletions(-)
 create mode 100644 logs/feature-spec-based-2/galph/iter-00015_20251006_032409.log
 create mode 100644 logs/feature-spec-based-2/galph/iter-00016_20251006_034657.log
 create mode 100644 logs/feature-spec-based-2/galph/iter-00017_20251006_041501.log
 create mode 100644 logs/feature-spec-based-2/galph/iter-00018_20251006_043550.log
 create mode 100644 logs/feature-spec-based-2/galph/iter-00019_20251006_045202.log
 create mode 100644 logs/feature-spec-based-2/galph/iter-00020_20251006_051503.log
 create mode 100644 logs/feature-spec-based-2/galph/iter-00021_20251006_053437.log
 create mode 100644 logs/feature-spec-based-2/galph/iter-00022_20251006_060523.log
 create mode 100644 logs/feature-spec-based-2/galph/iter-00023_20251006_061800.log
 create mode 100644 logs/feature-spec-based-2/galph/iter-00024_20251006_063102.log
 create mode 100644 logs/feature-spec-based-2/galph/iter-00025_20251006_064524.log
 create mode 100644 logs/feature-spec-based-2/galph/iter-00026_20251006_070958.log
 create mode 100644 logs/feature-spec-based-2/galph/iter-00027_20251006_073510.log
 create mode 100644 logs/feature-spec-based-2/galph/iter-00028_20251006_080010.log
 create mode 100644 logs/feature-spec-based-2/galph/iter-00029_20251006_082425.log
 create mode 100644 logs/feature-spec-based-2/galph/iter-00029_20251006_083723.log
 create mode 100644 logs/feature-spec-based-2/galph/iter-00029_20251006_085056.log
 create mode 100644 logs/feature-spec-based-2/galph/iter-00030_20251006_091749.log
 create mode 100644 logs/feature-spec-based-2/galph/iter-00031_20251006_094143.log
 create mode 100644 logs/feature-spec-based-2/galph/iter-00032_20251006_101013.log
 create mode 100644 logs/feature-spec-based-2/galph/iter-00033_20251006_102736.log
 create mode 100644 logs/feature-spec-based-2/galph/iter-00034_20251006_104247.log
 create mode 100644 logs/feature-spec-based-2/galph/iter-00035_20251006_110015.log
 create mode 100644 logs/feature-spec-based-2/galph/iter-00035_20251006_150738.log
 create mode 100644 logs/feature-spec-based-2/galph/iter-00036_20251006_152959.log
 create mode 100644 logs/feature-spec-based-2/galph/iter-00037_20251006_155707.log
 create mode 100644 logs/feature-spec-based-2/galph/iter-00038_20251006_161649.log
 create mode 100644 logs/feature-spec-based-2/galph/iter-00039_20251006_164308.log
 create mode 100644 logs/feature-spec-based-2/galph/iter-00040_20251006_170959.log
 create mode 100644 logs/feature-spec-based-2/galph/iter-00041_20251006_173957.log
 create mode 100644 logs/feature-spec-based-2/galph/iter-00042_20251006_175419.log
 create mode 100644 logs/feature-spec-based-2/galph/iter-00042_20251006_183154.log
 create mode 100644 logs/feature-spec-based-2/galph/iter-00043_20251006_185451.log
 create mode 100644 logs/feature-spec-based-2/galph/iter-00044_20251006_190656.log
 create mode 100644 logs/feature-spec-based-2/galph/iter-00045_20251006_192408.log
 create mode 100644 logs/feature-spec-based-2/galph/iter-00046_20251006_194803.log
 create mode 100644 logs/feature-spec-based-2/galph/iter-00047_20251006_201801.log
 create mode 100644 logs/feature-spec-based-2/galph/iter-00048_20251006_203716.log
 create mode 100644 logs/feature-spec-based-2/galph/iter-00049_20251006_210522.log
 create mode 100644 logs/feature-spec-based-2/galph/iter-00050_20251006_212906.log
 create mode 100644 logs/feature-spec-based-2/galph/iter-00051_20251006_214918.log
 create mode 100644 logs/feature-spec-based-2/galph/iter-00052_20251006_221707.log
 create mode 100644 logs/feature-spec-based-2/galph/iter-00052_20251006_222728.log
 create mode 100644 logs/feature-spec-based-2/galph/iter-00053_20251006_224746.log
 create mode 100644 logs/feature-spec-based-2/galph/iter-00053_20251006_230233.log
 create mode 100644 logs/feature-spec-based-2/galph/iter-00054_20251006_233007.log
 create mode 100644 logs/feature-spec-based-2/galph/iter-00055_20251006_234831.log
 create mode 100644 logs/feature-spec-based-2/galph/iter-00055_20251006_235846.log
 create mode 100644 logs/feature-spec-based-2/galph/iter-00055_20251007_000209.log
 create mode 100644 logs/feature-spec-based-2/galph/iter-00057_20251007_003811.log
 create mode 100644 logs/feature-spec-based-2/galph/iter-00058_20251007_005645.log
 create mode 100644 logs/feature-spec-based-2/galph/iter-00059_20251007_011917.log
 create mode 100644 logs/feature-spec-based-2/galph/iter-00060_20251007_014456.log
 create mode 100644 logs/feature-spec-based-2/galph/iter-00061_20251007_015604.log
 create mode 100644 logs/feature-spec-based-2/galph/iter-00062_20251007_020959.log
 create mode 100644 logs/feature-spec-based-2/galph/iter-00063_20251007_023114.log
 create mode 100644 logs/feature-spec-based-2/galph/iter-00064_20251007_030226.log
 create mode 100644 logs/feature-spec-based-2/galph/iter-00065_20251007_032034.log
 create mode 100644 logs/feature-spec-based-2/galph/iter-00066_20251007_034408.log
 create mode 100644 logs/feature-spec-based-2/galph/iter-00067_20251007_043525.log
 create mode 100644 logs/feature-spec-based-2/galph/iter-00068_20251007_045230.log
 create mode 100644 logs/feature-spec-based-2/galph/iter-00069_20251007_050318.log
 create mode 100644 logs/feature-spec-based-2/galph/iter-00070_20251007_052939.log
 create mode 100644 logs/feature-spec-based-2/galph/iter-00071_20251007_054652.log
 create mode 100644 logs/feature-spec-based-2/galph/iter-00071_20251007_055425.log
 create mode 100644 logs/feature-spec-based-2/galph/iter-00072_20251007_062720.log
 create mode 100644 logs/feature-spec-based-2/galph/iter-00074_20251007_064740.log
 create mode 100644 logs/feature-spec-based-2/galph/iter-00075_20251007_065537.log
 create mode 100644 logs/feature-spec-based-2/galph/iter-00075_20251007_070827.log
 create mode 100644 logs/feature-spec-based-2/galph/iter-00075_20251007_071020.log
 create mode 100644 logs/feature-spec-based-2/galph/iter-00077_20251007_072611.log
 create mode 100644 logs/feature-spec-based-2/galph/iter-00078_20251007_073720.log
 create mode 100644 logs/feature-spec-based-2/galph/iter-00079_20251007_074816.log
 create mode 100644 logs/feature-spec-based-2/galph/iter-00080_20251007_080023.log
 create mode 100644 logs/feature-spec-based-2/galph/iter-00081_20251007_081527.log
 create mode 100644 logs/feature-spec-based-2/galph/iter-00082_20251007_083212.log
 create mode 100644 logs/feature-spec-based-2/galph/iter-00083_20251007_084214.log
 create mode 100644 logs/feature-spec-based-2/galph/iter-00084_20251007_090009.log
 create mode 100644 logs/feature-spec-based-2/galph/iter-00085_20251007_091351.log
 create mode 100644 logs/feature-spec-based-2/galph/iter-00086_20251007_093354.log
 create mode 100644 logs/feature-spec-based-2/galph/iter-00087_20251007_095436.log
 create mode 100644 logs/feature-spec-based-2/galph/iter-00088_20251007_101519.log
 create mode 100644 logs/feature-spec-based-2/galph/iter-00089_20251007_102743.log
 create mode 100644 logs/feature-spec-based-2/galph/iter-00090_20251007_104630.log
 create mode 100644 logs/feature-spec-based-2/galph/iter-00091_20251007_110439.log
 create mode 100644 logs/feature-spec-based-2/galph/iter-00092_20251007_112127.log
 create mode 100644 logs/feature-spec-based-2/galph/iter-00093_20251007_113947.log
 create mode 100644 logs/feature-spec-based-2/galph/iter-00094_20251007_115902.log
 create mode 100644 logs/feature-spec-based-2/galph/iter-00095_20251007_121724.log
 create mode 100644 logs/feature-spec-based-2/galph/iter-00096_20251007_123404.log
 create mode 100644 logs/feature-spec-based-2/galph/iter-00097_20251007_125117.log
 create mode 100644 logs/feature-spec-based-2/galph/iter-00098_20251007_132349.log
 create mode 100644 logs/feature-spec-based-2/galph/iter-00099_20251007_134459.log
 create mode 100644 logs/feature-spec-based-2/galph/iter-00100_20251007_140622.log
 create mode 100644 logs/feature-spec-based-2/galph/iter-00101_20251007_142924.log
 create mode 100644 logs/feature-spec-based-2/galph/iter-00102_20251007_145656.log
 create mode 100644 logs/feature-spec-based-2/galph/iter-00103_20251007_151605.log
 create mode 100644 logs/feature-spec-based-2/galph/iter-00104_20251007_153123.log
 create mode 100644 logs/feature-spec-based-2/galph/iter-00105_20251007_154605.log
 create mode 100644 logs/feature-spec-based-2/galph/iter-00106_20251007_181734.log
 create mode 100644 logs/feature-spec-based-2/galph/iter-00107_20251007_183211.log
 create mode 100644 logs/feature-spec-based-2/galph/iter-00107_20251007_184730.log
 create mode 100644 logs/feature-spec-based-2/galph/iter-00108_20251007_190439.log
 create mode 100644 logs/feature-spec-based-2/galph/iter-00109_20251007_192126.log
 create mode 100644 logs/feature-spec-based-2/galph/iter-00110_20251007_194416.log
 create mode 100644 logs/feature-spec-based-2/galph/iter-00111_20251007_211310.log
 create mode 100644 logs/feature-spec-based-2/galph/iter-00112_20251007_213514.log
 create mode 100644 logs/feature-spec-based-2/galph/iter-00113_20251007_215106.log
 create mode 100644 logs/feature-spec-based-2/galph/iter-00114_20251007_220127.log
 create mode 100644 logs/feature-spec-based-2/galph/iter-00115_20251007_220934.log
 create mode 100644 logs/feature-spec-based-2/galph/iter-00116_20251007_222411.log
 create mode 100644 logs/feature-spec-based-2/galph/iter-00117_20251007_224552.log
 create mode 100644 logs/feature-spec-based-2/galph/iter-00118_20251007_230711.log
 create mode 100644 logs/feature-spec-based-2/galph/iter-00119_20251007_231854.log
 create mode 100644 logs/feature-spec-based-2/galph/iter-00120_20251007_233221.log
 create mode 100644 logs/feature-spec-based-2/galph/iter-00121_20251007_235341.log
 create mode 100644 logs/feature-spec-based-2/galph/iter-00122_20251008_001237.log
 create mode 100644 logs/feature-spec-based-2/galph/iter-00123_20251008_003122.log
 create mode 100644 logs/feature-spec-based-2/galph/iter-00123_20251008_004143.log
 create mode 100644 logs/feature-spec-based-2/galph/iter-00125_20251008_010923.log
 create mode 100644 logs/feature-spec-based-2/galph/iter-00126_20251008_014509.log
 create mode 100644 logs/feature-spec-based-2/galph/iter-00127_20251008_021036.log
 create mode 100644 logs/feature-spec-based-2/galph/iter-00128_20251008_023610.log
 create mode 100644 logs/feature-spec-based-2/galph/iter-00129_20251008_030228.log
 create mode 100644 logs/feature-spec-based-2/galph/iter-00130_20251008_031144.log
 create mode 100644 logs/feature-spec-based-2/galph/iter-00131_20251008_032103.log
 create mode 100644 logs/feature-spec-based-2/galph/iter-00132_20251008_033309.log
 create mode 100644 logs/feature-spec-based-2/galph/iter-00133_20251008_034923.log
 create mode 100644 logs/feature-spec-based-2/galph/iter-00134_20251008_040211.log
 create mode 100644 logs/feature-spec-based-2/galph/iter-00135_20251008_041147.log
 create mode 100644 logs/feature-spec-based-2/galph/iter-00136_20251008_042730.log
 create mode 100644 logs/feature-spec-based-2/galph/iter-00137_20251008_043859.log
 create mode 100644 logs/feature-spec-based-2/galph/iter-00138_20251008_045442.log
 create mode 100644 logs/feature-spec-based-2/galph/iter-00139_20251008_050838.log
 create mode 100644 logs/feature-spec-based-2/galph/iter-00139_20251008_053123.log
 create mode 100644 logs/feature-spec-based-2/galph/iter-00141_20251008_053957.log
 create mode 100644 logs/feature-spec-based-2/galph/iter-00141_20251008_054647.log
 create mode 100644 reports/2025-10-cli-flags/phase_l/per_phi/reports/2025-10-cli-flags/phase_l/scaling_validation/20251008T055257Z/trace_py_scaling_per_phi.json
 create mode 100644 reports/2025-10-cli-flags/phase_l/per_phi/reports/2025-10-cli-flags/phase_l/scaling_validation/20251008T055257Z/trace_py_scaling_per_phi.log
 create mode 100644 reports/2025-10-cli-flags/phase_l/per_phi/reports/2025-10-cli-flags/phase_l/scaling_validation/20251008T055533Z/trace_py_scaling_per_phi.json
 create mode 100644 reports/2025-10-cli-flags/phase_l/per_phi/reports/2025-10-cli-flags/phase_l/scaling_validation/20251008T055533Z/trace_py_scaling_per_phi.log
 create mode 100644 reports/2025-10-cli-flags/phase_l/scaling_validation/20251008T055257Z/manual_metrics.json
 create mode 100644 reports/2025-10-cli-flags/phase_l/scaling_validation/20251008T055257Z/manual_scaling_summary.md
 create mode 100644 reports/2025-10-cli-flags/phase_l/scaling_validation/20251008T055257Z/trace_py_scaling.log
 create mode 100644 reports/2025-10-cli-flags/phase_l/scaling_validation/20251008T055533Z/manual_metrics.json
 create mode 100644 reports/2025-10-cli-flags/phase_l/scaling_validation/20251008T055533Z/manual_scaling_summary.md
 create mode 100644 reports/2025-10-cli-flags/phase_l/scaling_validation/20251008T055533Z/trace_py_scaling.log
From github.com:hoidn/nanoBragg
   154f58a..2f28be7  feature/spec-based-2 -> origin/feature/spec-based-2
Already up to date.
Already up to date.
Already up to date.
Already up to date.
Already up to date.
Already up to date.
Already up to date.
Already up to date.
Already up to date.
Already up to date.
Already up to date.
Already up to date.
Already up to date.
Already up to date.
Already up to date.
Already up to date.
Already up to date.
Already up to date.
Already up to date.
Already up to date.
Already up to date.
Already up to date.
Already up to date.
Already up to date.
Already up to date.
Already up to date.
Already up to date.
Already up to date.
Already up to date.
Already up to date.
Already up to date.
Updating 2f28be7..b1a8cd4
Fast-forward
 galph_memory.md |   8 ++++
 input.md        | 135 +++++++++++++-------------------------------------------
 2 files changed, 39 insertions(+), 104 deletions(-)
From github.com:hoidn/nanoBragg
   2f28be7..b1a8cd4  feature/spec-based-2 -> origin/feature/spec-based-2
Already up to date.
Already up to date.
Already up to date.
Updating b1a8cd4..65e639d
Fast-forward
 sync/state.json | 8 ++++----
 1 file changed, 4 insertions(+), 4 deletions(-)
From github.com:hoidn/nanoBragg
   b1a8cd4..65e639d  feature/spec-based-2 -> origin/feature/spec-based-2
Already up to date.
Already up to date.
Already up to date.
Already up to date.
Updating 65e639d..3d8b38e
Fast-forward
 .../galph/iter-00141_20251008_054647.log           | 1968 ++++++++++++++++++++
 scripts/orchestration/README.md                    |    6 +
 scripts/orchestration/autocommit.py                |   94 +
 scripts/orchestration/loop.py                      |   89 +-
 scripts/orchestration/supervisor.py                |   31 +
 5 files changed, 2110 insertions(+), 78 deletions(-)
 create mode 100644 scripts/orchestration/autocommit.py
From github.com:hoidn/nanoBragg
   65e639d..3d8b38e  feature/spec-based-2 -> origin/feature/spec-based-2
Already up to date.
Already up to date.
Updating 3d8b38e..4b24e87
Fast-forward
 sync/state.json | 2 +-
 1 file changed, 1 insertion(+), 1 deletion(-)
From github.com:hoidn/nanoBragg
   3d8b38e..4b24e87  feature/spec-based-2 -> origin/feature/spec-based-2
Already up to date.
Already up to date.
Already up to date.
Already up to date.
Already up to date.
Already up to date.
Already up to date.
Already up to date.
Already up to date.
Already up to date.
Already up to date.
Already up to date.
Already up to date.
Already up to date.
Already up to date.
Already up to date.
