[SYNC] Waiting for expected_actor=ralph...
Already up to date.
Already up to date.
Already up to date.
Already up to date.
Already up to date.
Already up to date.
Already up to date.
Already up to date.
Already up to date.
Already up to date.
Already up to date.
Already up to date.
Already up to date.
Already up to date.
Updating f327cf1..98f57a9
Fast-forward
 sync/state.json | 2 +-
 1 file changed, 1 insertion(+), 1 deletion(-)
From github.com:hoidn/nanoBragg
   f327cf1..98f57a9  feature/spec-based-2 -> origin/feature/spec-based-2
Already up to date.
