[SYNC] Waiting for expected_actor=ralph...
Already up to date.
Already up to date.
Already up to date.
Already up to date.
Already up to date.
Already up to date.
Already up to date.
Already up to date.
Already up to date.
Already up to date.
Already up to date.
Already up to date.
Already up to date.
Already up to date.
Already up to date.
Already up to date.
Updating 69cbeb5..55878e4
Fast-forward
 galph_memory.md                     |   8 +++
 prompts/debug.md                    |   4 ++
 prompts/pyrefly.md                  |  78 ++++++++++++++++++++++
 scripts/orchestration/supervisor.py | 126 +++++++++++++++++++++++-------------
 4 files changed, 171 insertions(+), 45 deletions(-)
 create mode 100644 prompts/pyrefly.md
From github.com:hoidn/nanoBragg
   69cbeb5..55878e4  feature/spec-based-2 -> origin/feature/spec-based-2
Already up to date.
Updating 55878e4..ab2735d
Fast-forward
 scripts/orchestration/README.md | 3 +++
 1 file changed, 3 insertions(+)
From github.com:hoidn/nanoBragg
   55878e4..ab2735d  feature/spec-based-2 -> origin/feature/spec-based-2
Updating ab2735d..f0e0d4c
Fast-forward
 sync/state.json | 2 +-
 1 file changed, 1 insertion(+), 1 deletion(-)
From github.com:hoidn/nanoBragg
   ab2735d..f0e0d4c  feature/spec-based-2 -> origin/feature/spec-based-2
Already up to date.
