TRACE_C:detector_convention=CUSTOM
TRACE_C:angles_rad=rotx:0 roty:0 rotz:0 twotheta:0
TRACE_C:beam_center_m=Xclose:0.000211818 Yclose:0.000217322 pixel_mm:0.172
TRACE_C:initial_fdet=0.999982004873912 -0.00599800002923425 -0.000118000000575132
TRACE_C:initial_sdet=-0.0059979996566955 -0.999969942765222 -0.0049129997187971
TRACE_C:initial_odet=-8.85282813644494e-05 0.00491361907271126 -0.999987924182263
TRACE_C:Fclose_m=0.217742295
TRACE_C:Sclose_m=0.21390708
TRACE_C:close_distance_m=0.231271826111781
TRACE_C:ratio=0.999987746654913
TRACE_C:distance_m=0.23127466
TRACE_C:term_fast_before_rot=-0.217738376699947 0.00130601829177553 2.56935909352306e-05
TRACE_C:term_slow_before_rot=0.00128301459240474 0.213900650544676 0.00105092542388871
TRACE_C:term_close_before_rot=-2.04740972936938e-05 0.00113638165576361 -0.231269033315361
TRACE_C:pix0_before_rotation=-0.216475836204836 0.216343050492215 -0.230192414300537
TRACE_C:pix0_after_rotz=-0.216475836204836 0.216343050492215 -0.230192414300537
TRACE_C:pix0_after_twotheta=-0.216475836204836 0.216343050492215 -0.230192414300537
TRACE_C:fdet_after_rotz=0.999982004873912 -0.00599800002923425 -0.000118000000575132
TRACE_C:sdet_after_rotz=-0.0059979996566955 -0.999969942765222 -0.0049129997187971
TRACE_C:odet_after_rotz=-8.85282813644494e-05 0.00491361907271126 -0.999987924182263
TRACE_C:twotheta_axis=0 1 0
TRACE_C:fdet_after_twotheta=0.999982004873912 -0.00599800002923425 -0.000118000000575132
TRACE_C:sdet_after_twotheta=-0.0059979996566955 -0.999969942765222 -0.0049129997187971
TRACE_C:odet_after_twotheta=-8.85282813644494e-05 0.00491361907271126 -0.999987924182263
