TRACE_PY: pix0_vector_meters -0.216475710272789 0.21634316444397 -0.230192452669144
TRACE_PY: fdet_vec 0.999981999397278 -0.00599800003692508 -0.000118000003567431
TRACE_PY: sdet_vec -0.00599800003692508 -0.999970018863678 -0.0049129999242723
TRACE_PY: pixel_pos_meters -0.0383921265602112 0.0973682925105095 -0.230792820453644
TRACE_PY: R_distance_meters 0.253416359424591
TRACE_PY: omega_pixel_sr 4.20412618495902e-07
TRACE_PY: close_distance_meters 0.231271862983704
TRACE_PY: obliquity_factor 0.91261613368988
TRACE_PY: diffracted_vec -0.151498198509216 0.384222537279129 -0.910725712776184
TRACE_PY: incident_vec 0.000513879465870559 0 -0.99999988079071
TRACE_PY: lambda_meters 9.7680002450943e-11
TRACE_PY: lambda_angstroms 0.97680002450943
TRACE_PY: scattering_vec_A_inv -1556225152 3933482240 913945216
TRACE_PY: rot_a_angstroms -14.3562698364258 -21.8717937469482 -5.58202123641968
TRACE_PY: rot_b_angstroms -11.4986982345581 0.717319786548615 -29.1132164001465
TRACE_PY: rot_c_angstroms 21.0699501037598 -24.3892974853516 -9.75265312194824
TRACE_PY: spindle_axis_raw -1 0 0
TRACE_PY: spindle_axis_normalized -1 0 0
TRACE_PY: spindle_magnitude 1
TRACE_PY: rot_a_star_A_inv -0.0290510933846235 -0.0293958801776171 0.010749876499176
TRACE_PY: rot_b_star_A_inv -0.00312639237381518 0.0104376431554556 -0.0328566692769527
TRACE_PY: rot_c_star_A_inv 0.0259604379534721 -0.0143330143764615 -0.0106066130101681
TRACE_PY: hkl_frac -6.87923908233643 -0.589175701141357 -13.7637844085693
TRACE_PY: hkl_rounded -7 -1 -14
TRACE_PY: F_latt_a -2.3957417011261
TRACE_PY: F_latt_b -0.858312010765076
TRACE_PY: F_latt_c 0.670741140842438
TRACE_PY: F_latt 1.37924090081021
TRACE_PY: F_cell 190.270004272461
TRACE_PY: I_before_scaling 736750.125
TRACE_PY: r_e_meters 2.81794118441937e-15
TRACE_PY: r_e_sqr 7.9407927259064e-30
TRACE_PY: fluence_photons_per_m2 1.00000001384843e+24
TRACE_PY: steps 10
TRACE_PY: oversample_thick 0
TRACE_PY: oversample_polar 0
TRACE_PY: oversample_omega 0
TRACE_PY: capture_fraction 1
TRACE_PY: polar 0.91463965177536
TRACE_PY: omega_pixel 4.20412618495902e-07
TRACE_PY: cos_2theta 0.910647749900818
TRACE_PY: I_pixel_final 2.4595729541943e-07
TRACE_PY: floatimage_accumulated 2.4595729541943e-07
