nanoBragg nanocrystal diffraction simulator - James Holton and Ken Frankel 5-17-17
mosflm convention selected.
DETECTOR_FAST_AXIS 0 0 1
DETECTOR_SLOW_AXIS 0 -1 0
DETECTOR_NORMAL_AXIS 1 0 0
pivoting detector around direct beam spot
DETECTOR_PIX0_VECTOR 0.1 0.0257 -0.0257
XDS incident beam: 0 0 1
auto-selected no interpolation
TRACE: Before misset rotation:
TRACE:   a_star = [0.0144344, 0, 0] |a_star| = 0.0144344
TRACE:   b_star = [0.00148518, 0.012941, 0] |b_star| = 0.0130259
TRACE:   c_star = [-0.00132016, -0.00297721, 0.0111415] |c_star| = 0.0115786
TRACE:   misset angles = [-89.9685, -31.329, 177.753] degrees
TRACE: After misset rotation:
TRACE:   a_star = [-0.0123203, 0.000483336, 0.00750519] |a_star| = 0.0144344
TRACE:   b_star = [-0.00799142, 0.0003064, -0.0102819] |b_star| = 0.0130259
TRACE:   c_star = [0.00224011, -0.0112363, 0.00186193] |c_star| = 0.0115786
TRACE: Computing cross products of reciprocal vectors:
TRACE:   Input vectors for cross products:
TRACE:     a_star = [-0.0123203, 0.000483336, 0.00750519]
TRACE:     b_star = [-0.00799142, 0.0003064, -0.0102819]
TRACE:     c_star = [0.00224011, -0.0112363, 0.00186193]
TRACE:   Cross product results:
TRACE:     a_star x b_star = [-7.2692e-06, -0.000186654, 8.75944e-08]
TRACE:     b_star x c_star = [-0.00011496, -8.15311e-06, 8.91077e-05]
TRACE:     c_star x a_star = [-8.52305e-05, -3.97521e-05, -0.000137352]
TRACE: Reciprocal cell volume calculation:
TRACE:   V_star = a_star . (b_star x c_star) = 2.08117e-06
TRACE: Direct-space cell volume: V_cell = 1/V_star = 481811
TRACE: Before computing real-space vectors:
TRACE:   b_star_cross_c_star = [-0.000114649, -8.13105e-06, 8.88666e-05]
TRACE:   c_star_cross_a_star = [-8.50136e-05, -3.96509e-05, -0.000137003]
TRACE:   a_star_cross_b_star = [-7.2692e-06, -0.000186654, 8.75944e-08]
TRACE:   V_cell = 481811, V_star = 2.0755e-06
TRACE: After computing real-space vectors:
TRACE:   a = [-55.2391, -3.91763, 42.8169] |a| = 70
TRACE:   b = [-40.9605, -19.1043, -66.0096] |b| = 80
TRACE:   c = [-3.50238, -89.9318, 0.042204] |c| = 90
TRACE: Re-generating reciprocal vectors from real-space vectors:
TRACE:   Before re-generation: a_star = [-0.0123203, 0.000483336, 0.00750519] |a_star| = 0.0144344
TRACE:   Before re-generation: b_star = [-0.00799142, 0.0003064, -0.0102819] |b_star| = 0.0130259
TRACE:   Before re-generation: c_star = [0.00224011, -0.0112363, 0.00186193] |c_star| = 0.0115786
TRACE:   Cross products: b_cross_c = [-5937.17, 232.919, 3616.74]
TRACE:   Cross products: c_cross_a = [-3850.44, 147.63, -4954.03]
TRACE:   Cross products: a_cross_b = [1076.59, -5400.12, 894.835]
TRACE:   After re-generation: a_star = [-0.0123226, 0.000483424, 0.00750655] |a_star| = 0.014437
TRACE:   After re-generation: b_star = [-0.00799159, 0.000306406, -0.0102821] |b_star| = 0.0130262
TRACE:   After re-generation: c_star = [0.00223446, -0.0112079, 0.00185723] |c_star| = 0.0115784
Unit Cell: 70 80 90 75.0391 85.0136 95.0081
Recp Cell: 0.014437 0.0130262 0.0115784 105.535 96.5318 83.4517
volume = 481811 A^3
real-space cell vectors (Angstrom):
     a           b           c         
X: -55.23913782 -40.96052569 -3.50238268
Y: -3.91763340 -19.10427436 -89.93181603
Z: 42.81693358 -66.00956019  0.04220398
reciprocal-space cell vectors (Angstrom^-1):
     a_star      b_star      c_star    
X: -0.01232259 -0.00799159  0.00223446
Y:  0.00048342  0.00030641 -0.01120794
Z:  0.00750655 -0.01028210  0.00185723
TRACE: Converting real-space vectors from Angstroms to meters:
TRACE:   Before conversion: a = [-55.2391, -3.91763, 42.8169] |a| = 70 Angstroms
TRACE:   Before conversion: b = [-40.9605, -19.1043, -66.0096] |b| = 80 Angstroms
TRACE:   Before conversion: c = [-3.50238, -89.9318, 0.042204] |c| = 90 Angstroms
TRACE:   After conversion: a = [-5.52391e-09, -3.91763e-10, 4.28169e-09] |a| = 7e-09 meters
TRACE:   After conversion: b = [-4.09605e-09, -1.91043e-09, -6.60096e-09] |b| = 8e-09 meters
TRACE:   After conversion: c = [-3.50238e-10, -8.99318e-09, 4.2204e-12] |c| = 9e-09 meters
TRACE: Copying vectors to a0, b0, c0 (phi=0 mosaic=0 reference):
TRACE:   a0 = [-5.52391e-09, -3.91763e-10, 4.28169e-09] |a0| = 7e-09 meters
TRACE:   b0 = [-4.09605e-09, -1.91043e-09, -6.60096e-09] |b0| = 8e-09 meters
TRACE:   c0 = [-3.50238e-10, -8.99318e-09, 4.2204e-12] |c0| = 9e-09 meters
TRACE: Copying vectors to ap, bp, cp (phi=0 working copy):
TRACE:   ap = [-5.52391e-09, -3.91763e-10, 4.28169e-09] |ap| = 7e-09 meters
TRACE:   bp = [-4.09605e-09, -1.91043e-09, -6.60096e-09] |bp| = 8e-09 meters
TRACE:   cp = [-3.50238e-10, -8.99318e-09, 4.2204e-12] |cp| = 9e-09 meters
crystal is 0.035 x 0.04 x 0.045 microns
auto-selected 2-fold oversampling
approximate MW = 364219
thick0 = 0 um
phi0 = 0
divergence deviation: 0 0
lambda0 = 1e-10
  created a total of 1 sources:
-10 -0 0   1 1e-10
  created a total of 1 mosaic domains
  0 initialized hkls (all others =100)
  parallelpiped xtal: 5x5x5 cells
  wave=1e-10 meters +/- 0% in 1 steps
  Kahn polarization factor: 0.000000
  incident fluence: 1.25932e+29 photons/m^2
  distance=0.1 detsize=0.0512x0.0512  pixel=0.0001 meters (512x512 pixels)
  sensor is 0 m thick in 1 layers with mu= -1
  Xbeam=0.02565 Ybeam=0.02565
  Fbeam=0.0257 Sbeam=0.0257
  Xclose=0.0256 Yclose=0.0256
  Fclose=0.0257 Sclose=0.0257
  DIRECTION_OF_DETECTOR_X-AXIS= 0 0 1
  DIRECTION_OF_DETECTOR_Y-AXIS= 0 -1 0
  DIRECTION_OF_DETECTOR_Z-AXIS= 1 0 0
  INCIDENT_BEAM_DIRECTION= 1 0 0
  spindle ROTATION_AXIS= 0 0 1
  POLARIZATION_PLANE_NORMAL= 0 -1 0
  dials origin= -25.7 25.7 -100
  roi: 0 < x < 512 && 0 < y < 512
  hdivrange=0 hdivstep=0  radians
  vdivrange=0 vdivstep=0  radians
  1 divergence steps
  1 sources
  1 mosaic domains over mosaic spread of 0 degrees
  1 phi steps from 0 to 0 degrees
  2x2 pixel oversample steps

  noise image paramters:
  seed: -1759264080
  water droplet size: 0 m
0% done
0% done
0% done
0% done
0% done
0% done
0% done
0% done
0% done
0% done
0% done
0% done
0% done
0% done
0% done
0% done
0% done
0% done
0% done
0% done
0% done
0% done
0% done
0% done
0% done
0% done
0% done
0% done
0% done
0% done
0% done
0% done
0% done
0% done
0% done
0% done
0% done
0% done
0% done
0% done
0% done
0% done
0% done
0% done
0% done
0% done
0% done
0% done
0% done
0% done
0% done
0% done
0% done
0% done
0% done
0% done
0% done
0% done
0% done
0% done
0% done
0% done
0% done
0% done
1% done
1% done
1% done
1% done
1% done
1% done
1% done
1% done
1% done
1% done
1% done
1% done
1% done
1% done
1% done
1% done
1% done
1% done
1% done
1% done
1% done
1% done
1% done
1% done
1% done
1% done
1% done
1% done
1% done
1% done
1% done
1% done
2% done
2% done
2% done
2% done
2% done
2% done
2% done
2% done
2% done
2% done
2% done
2% done
2% done
2% done
2% done
2% done
2% done
2% done
2% done
2% done
2% done
2% done
2% done
2% done
2% done
2% done
2% done
2% done
2% done
2% done
2% done
2% done

solid angle subtended by detector = 0.246175 steradian ( 1.959% sphere)
writing c_triclinic.bin as 262144 4-byte floats
max_I = 138.216  at 0.026275 0.036875
mean= 1.14645 rms= 6.88507 rmsd= 6.78895
intfile_scale = 397.927
writing intimage.img as 2-byte integers
pgm_scale = 7.36491
writing image.pgm as 1-byte integers
299734 photons on noise image (0 overloads)
writing noiseimage.img as 2-byte integers
