/home/ollie/Documents/tmp/nanoBragg/reports/2025-10-cli-flags/phase_l/structure_factor/probe.py:149: DeprecationWarning: datetime.datetime.utcnow() is deprecated and scheduled for removal in a future version. Use timezone-aware objects to represent datetimes in UTC: datetime.datetime.now(datetime.UTC).
  log(f"Timestamp: {datetime.utcnow().isoformat()}Z")
/home/ollie/Documents/tmp/nanoBragg/reports/2025-10-cli-flags/phase_l/structure_factor/probe.py:316: DeprecationWarning: datetime.datetime.utcnow() is deprecated and scheduled for removal in a future version. Use timezone-aware objects to represent datetimes in UTC: datetime.datetime.now(datetime.UTC).
  **Date:** {datetime.utcnow().isoformat()}Z
================================================================================
Structure-Factor Coverage Probe
CLI-FLAGS-003 Phase L3a Evidence
================================================================================

Timestamp: 2025-10-07T07:23:29.201359Z
Git SHA: acab43bd2692a498562b8ec9d985f3c9f47486f7
Torch version: 2.8.0+cu128
Platform: Linux-6.14.0-29-generic-x86_64-with-glibc2.39
Device: cpu
Dtype: torch.float32

Loading supervisor command configuration...
Crystal config initialized

Target Miller index: h=-7, k=-1, l=-14
C reference F_cell: 190.27

================================================================================
Source 1: HKL file (scaled.hkl)
================================================================================
Grid shape: torch.Size([49, 57, 62])
H range: [-24, 24]
K range: [-28, 28]
L range: [-31, 30]
Target in range: True
Retrieved F_cell: 190.27000427246094
Delta from C: 4.272460927268185e-06

================================================================================
Source 2: Fdump binary (reports/2025-10-cli-flags/phase_l/hkl_parity/Fdump_scaled_20251006175946.bin)
================================================================================
SKIP: File not found
================================================================================
Probe complete
================================================================================

Log saved to: /home/ollie/Documents/tmp/nanoBragg/reports/2025-10-cli-flags/phase_l/structure_factor/probe.log
Analysis template saved to: /home/ollie/Documents/tmp/nanoBragg/reports/2025-10-cli-flags/phase_l/structure_factor/analysis.md

Next step: Review probe.log and complete analysis.md with findings
