# Tracing pixel (slow=1039, fast=685)
# Trace complete
TRACE_PY: pix0_vector_meters -0.216336293 0.215205512 -0.230200866
TRACE_PY: fdet_vec 0.999982 -0.005998 -0.000118
TRACE_PY: sdet_vec -0.005998 -0.99997 -0.004913
TRACE_PY: pixel_pos_meters -0.09950482172 0.035709675632 -0.23109319383
TRACE_PY: R_distance_meters 0.254126847684029
TRACE_PY: omega_pixel_sr 4.16901345836964e-07
TRACE_PY: close_distance_meters 0.23127466
TRACE_PY: obliquity_factor 0.910075665391945
TRACE_PY: diffracted_vec -0.391555723556294 0.140519098857276 -0.909361588262143
TRACE_PY: incident_vec 0.00051387949 0 -0.99999986
TRACE_PY: lambda_meters 9.768e-11
TRACE_PY: lambda_angstroms 0.9768
TRACE_PY: scattering_vec_A_inv -4013816575.00301 1438565713.11708 927910234.82655
TRACE_PY: rot_a_angstroms 25.6319926547473 -9.1078838402458 6.5048204054889
TRACE_PY: rot_b_angstroms 0 31.0230392400032 10.5498188628544
TRACE_PY: rot_c_angstroms 0 0 31.2066090109978
TRACE_PY: rot_a_star_A_inv 0.0390137440139595 0 0
TRACE_PY: rot_b_star_A_inv 0.0114538310029289 0.0322341080854042 0
TRACE_PY: rot_c_star_A_inv -0.0120042917957266 -0.0108971789080589 0.0320444941533885
TRACE_PY: hkl_frac -10.9948516949649 5.44179654657631 2.89569318955353
TRACE_PY: hkl_rounded -11 5 3
TRACE_PY: F_latt_a 34.0015310029289
TRACE_PY: F_latt_b 0.685748932705493
TRACE_PY: F_latt_c -0.242774862334505
TRACE_PY: F_latt -5.66066337829513
TRACE_PY: F_cell 42.98
TRACE_PY: I_before_scaling 59192.6088407515
TRACE_PY: r_e_meters 2.81794117756025e-15
TRACE_PY: r_e_sqr 7.94079248018965e-30
TRACE_PY: fluence_photons_per_m2 1e+24
TRACE_PY: steps 10
TRACE_PY: oversample_thick 0
TRACE_PY: oversample_polar 0
TRACE_PY: oversample_omega 0
TRACE_PY: capture_fraction 1
TRACE_PY: polar 1
TRACE_PY: omega_pixel 4.16901345836964e-07
TRACE_PY: cos_2theta 0.909160248495992
TRACE_PY: I_pixel_final 4.50075752109731e-06
TRACE_PY: floatimage_accumulated 4.50075752109731e-06
TRACE: Omega (solid angle) = 4.169013458370e-07
TRACE: r_e^2 = 7.940792480190e-30
TRACE: Fluence = 1.000000000000e+24
TRACE: Oversample = 1

TRACE: Intensity calculation chain:
  normalized * r_e^2 * fluence
  = 5.667894649464e-01 * 7.940792480190e-30 * 1.000000000000e+24
  = 4.500757521097e-06
