C binary: /home/ollie/Documents/tmp/nanoBragg/golden_suite_generator/nanoBragg
PyTorch command: nanoBragg

Running C implementation...
C runtime: 0.551 s
Running PyTorch implementation...
Py runtime: 7.656 s

Loading float images...
C image shape: (2527, 2463)
PyTorch image shape: (2527, 2463)

Computing metrics...

==================================================
COMPARISON SUMMARY
==================================================
Correlation: 0.996524
RMSE: 41994.085938
Max absolute difference: 58357068.000000
C sum: 6490.82
Py sum: 820878912.00
Sum ratio (Py/C): 126467.671875
Mean peak distance: 37.79 pixels
Max peak distance: 377.92 pixels
Runtime speedup (C/Py): 0.07x

Saving PNG previews to reports/2025-10-cli-flags/phase_k/f_latt_fix/post_fix/nb_compare_/

✓ PASS: Correlation 0.996524 >= 0.95
