TRACE_C: pix0_vector_meters 0.1 0.0513 -0.0513
TRACE_C: fdet_vec 0 0 1
TRACE_C: sdet_vec 0 -1 0
TRACE_C: pixel_pos_meters 0.1 -5.00000000000014e-05 -0.00665
TRACE_C: R_distance_meters 0.100220881057792
TRACE_C: omega_pixel_sr 9.93402733922788e-07
TRACE_C: close_distance_meters 0.1
TRACE_C: obliquity_factor 0.997796057513562
TRACE_C: diffracted_vec 0.997796057513562 -0.000498898028756795 -0.0663534378246519
TRACE_C: incident_vec 1 0 -0
TRACE_C: lambda_meters 6.2e-10
TRACE_C: lambda_angstroms 6.2
TRACE_C: scattering_vec_A_inv -3554745.94586839 -804674.239930314 -107021673.910729
TRACE_C: rot_a_angstroms 100 6.12323399573677e-15 6.12323399573677e-15
TRACE_C: rot_b_angstroms -0 100 6.12323399573677e-15
TRACE_C: rot_c_angstroms 0 -0 100
TRACE_C: rot_a_star_A_inv 0.01 0 0
TRACE_C: rot_b_star_A_inv -6.12323399573677e-19 0.01 0
TRACE_C: rot_c_star_A_inv -6.12323399573677e-19 -6.12323399573677e-19 0.01
TRACE_C: hkl_frac -0.035547459458684 -0.00804674239930321 -1.07021673910729
TRACE_C: hkl_rounded 0 0 -1
TRACE_C: F_latt_a 4.75407420914535
TRACE_C: F_latt_b 4.98722810374405
TRACE_C: F_latt_c 4.07913884414006
TRACE_C: F_latt 96.7149645065984
TRACE_C: F_cell 100
TRACE_C: I_before_scaling 93537843.5951259
TRACE_C: r_e_meters 2.81794117756025e-15
TRACE_C: r_e_sqr 7.94079248018965e-30
TRACE_C: fluence_photons_per_m2 1.25932015286227e+29
TRACE_C: steps 1
TRACE_C: oversample_thick 0
TRACE_C: oversample_polar 0
TRACE_C: oversample_omega 0
TRACE_C: capture_fraction 1
TRACE_C: polar 0.997798486194803
TRACE_C: omega_pixel 9.93402733922788e-07
TRACE_C: cos_2theta 0.997796057513562
TRACE_C: I_pixel_final 92.7161832397108
TRACE_C: floatimage_accumulated 92.7161865234375
