=== PyTorch Trace for Pixel (513, 446) ===

Detector Geometry:
  pix0_vector: [0.1, 0.051250000000000004, -0.051250000000000004]
  fdet_vec: [0.0, 0.0, 1.0]
  sdet_vec: [0.0, -1.0, 0.0]
  pixel_coords[513,446]: [0.1, -9.999999999999593e-05, -0.006600000000000002]

Beam:
  incident: [1.0, 0.0, 0.0]
  wavelength: 6.2 Å

Scattering:
  diffracted: [0.9978285930443769, -0.0009978285930443362, -0.06585668714092889]
  S (1/Å): [-0.0022005406902385616, -0.0010112164443386857, -0.06674028532635601]

Lattice (real):
  rot_a: [100.0, 6.123233995736766e-15, 6.123233995736767e-15]
  rot_b: [0.0, 100.0, 6.123233995736767e-15]
  rot_c: [0.0, 0.0, 100.00000000000003]

Lattice (reciprocal):
  rot_a_star: [0.01, 0.0, 0.0]
  rot_b_star: [-6.123233995736766e-19, 0.01, 0.0]
  rot_c_star: [-6.123233995736765e-19, -6.123233995736765e-19, 0.009999999999999997]

Miller:
  h_float: -0.220054
  k_float: -0.101122
  l_float: -6.674029
  h_int: 0
  k_int: 0
  l_int: -7

Intensity:
  F_cell: 100.0
  r_e: 2.817940e-15 m
  R: 0.100218 m
  close_distance: 0.100000 m
  omega: 9.934999e-07 sr
  fluence: 1.259320e+29 photons/m^2
  cos_2theta: 0.997829
  polar: 0.997831
