TRACE_PY: pix0_vector_meters -0.216336293 0.215205512 -0.230200866
TRACE_PY: fdet_vec 0.999982 -0.005998 -0.000118
TRACE_PY: sdet_vec -0.005998 -0.99997 -0.004913
TRACE_PY: pixel_pos_meters -0.09950482172 0.035709675632 -0.23109319383
TRACE_PY: R_distance_meters 0.254126847684029
TRACE_PY: omega_pixel_sr 4.16901347764618e-07
TRACE_PY: close_distance_meters 0.23127466106936
TRACE_PY: obliquity_factor 0.910075669599922
TRACE_PY: diffracted_vec -0.391555723556294 0.140519098857276 -0.909361588262143
TRACE_PY: incident_vec 0.00051387949 0 -0.99999986
TRACE_PY: lambda_meters 9.768e-11
TRACE_PY: lambda_angstroms 0.9768
TRACE_PY: scattering_vec_A_inv -4013816575.00301 1438565713.11708 927910234.82655
TRACE_PY: rot_a_angstroms -14.3562690335399 -21.8717928453817 -5.58202083498661
TRACE_PY: rot_b_angstroms -11.4986968432508 0.717320030990266 -29.1132147806318
TRACE_PY: rot_c_angstroms 21.0699500320179 -24.3892962470766 -9.75265166505327
TRACE_PY: rot_a_star_A_inv -0.0290510954135954 -0.0293958845208845 0.0107498771498771
TRACE_PY: rot_b_star_A_inv -0.0031263923013923 0.0104376433251433 -0.0328566748566749
TRACE_PY: rot_c_star_A_inv 0.0259604422604423 -0.014333015970516 -0.0106066134316134
TRACE_PY: hkl_frac 2.09798050664602 2.01711220186376 -12.8706105317799
TRACE_PY: hkl_rounded 2 2 -13
TRACE_PY: F_latt_a -3.28845155738463
TRACE_PY: F_latt_b 10.7357461247154
TRACE_PY: F_latt_c -1.77545331582756
TRACE_PY: F_latt 62.6805702411159
TRACE_PY: F_cell 300.58
TRACE_PY: I_before_scaling 354965412.53632
TRACE_PY: r_e_meters 2.81794117756025e-15
TRACE_PY: r_e_sqr 7.94079248018965e-30
TRACE_PY: fluence_photons_per_m2 1e+24
TRACE_PY: steps 10
TRACE_PY: oversample_thick 0
TRACE_PY: oversample_polar 0
TRACE_PY: oversample_omega 0
TRACE_PY: capture_fraction 1
TRACE_PY: polar 1
TRACE_PY: omega_pixel 4.16901347764618e-07
TRACE_PY: cos_2theta 0.909160248495992
TRACE_PY: I_pixel_final 0.00356040535776925
TRACE_PY: floatimage_accumulated 0.00356040535776925
TRACE: Omega (solid angle) = 4.169013477646e-07
TRACE: r_e^2 = 7.940792480190e-30
TRACE: Fluence = 1.000000000000e+24
TRACE: Oversample = 1

TRACE: Intensity calculation chain:
  normalized * r_e^2 * fluence
  = 4.483690219398e+02 * 7.940792480190e-30 * 1.000000000000e+24
  = 3.560405357769e-03
