tests/test_cli_scaling_phi0.py::TestPhiZeroParity::test_rot_b_matches_c
tests/test_cli_scaling_phi0.py::TestPhiZeroParity::test_k_frac_phi0_matches_c
tests/test_phi_carryover_mode.py::TestPhiCarryoverModeParsing::test_default_mode_is_spec
tests/test_phi_carryover_mode.py::TestPhiCarryoverModeParsing::test_spec_mode_explicit
tests/test_phi_carryover_mode.py::TestPhiCarryoverModeParsing::test_c_parity_mode_explicit
tests/test_phi_carryover_mode.py::TestPhiCarryoverModeParsing::test_invalid_mode_rejected
tests/test_phi_carryover_mode.py::TestCrystalConfigValidation::test_default_config_mode
tests/test_phi_carryover_mode.py::TestCrystalConfigValidation::test_spec_mode_validation
tests/test_phi_carryover_mode.py::TestCrystalConfigValidation::test_c_parity_mode_validation
tests/test_phi_carryover_mode.py::TestCrystalConfigValidation::test_invalid_mode_raises_valueerror
tests/test_phi_carryover_mode.py::TestCLIToConfigWiring::test_spec_mode_wiring
tests/test_phi_carryover_mode.py::TestCLIToConfigWiring::test_c_parity_mode_wiring
tests/test_phi_carryover_mode.py::TestPhiCarryoverBehavior::test_spec_mode_fresh_rotation[cpu-dtype0]
tests/test_phi_carryover_mode.py::TestPhiCarryoverBehavior::test_spec_mode_fresh_rotation[cpu-dtype1]
tests/test_phi_carryover_mode.py::TestPhiCarryoverBehavior::test_spec_mode_fresh_rotation[cuda-dtype2]
tests/test_phi_carryover_mode.py::TestPhiCarryoverBehavior::test_spec_mode_fresh_rotation[cuda-dtype3]
tests/test_phi_carryover_mode.py::TestPhiCarryoverBehavior::test_c_parity_mode_stale_carryover[cpu-dtype0]
tests/test_phi_carryover_mode.py::TestPhiCarryoverBehavior::test_c_parity_mode_stale_carryover[cpu-dtype1]
tests/test_phi_carryover_mode.py::TestPhiCarryoverBehavior::test_c_parity_mode_stale_carryover[cuda-dtype2]
tests/test_phi_carryover_mode.py::TestPhiCarryoverBehavior::test_c_parity_mode_stale_carryover[cuda-dtype3]
tests/test_phi_carryover_mode.py::TestPhiCarryoverBehavior::test_modes_differ_at_phi_zero[cpu-dtype0]
tests/test_phi_carryover_mode.py::TestPhiCarryoverBehavior::test_modes_differ_at_phi_zero[cpu-dtype1]
tests/test_phi_carryover_mode.py::TestPhiCarryoverBehavior::test_modes_differ_at_phi_zero[cuda-dtype2]
tests/test_phi_carryover_mode.py::TestPhiCarryoverBehavior::test_modes_differ_at_phi_zero[cuda-dtype3]
tests/test_phi_carryover_mode.py::TestDeviceDtypeNeutrality::test_cpu_consistency[dtype0-spec]
tests/test_phi_carryover_mode.py::TestDeviceDtypeNeutrality::test_cpu_consistency[dtype0-c-parity]
tests/test_phi_carryover_mode.py::TestDeviceDtypeNeutrality::test_cpu_consistency[dtype1-spec]
tests/test_phi_carryover_mode.py::TestDeviceDtypeNeutrality::test_cpu_consistency[dtype1-c-parity]
tests/test_phi_carryover_mode.py::TestDeviceDtypeNeutrality::test_cuda_consistency[dtype0-spec]
tests/test_phi_carryover_mode.py::TestDeviceDtypeNeutrality::test_cuda_consistency[dtype0-c-parity]
tests/test_phi_carryover_mode.py::TestDeviceDtypeNeutrality::test_cuda_consistency[dtype1-spec]
tests/test_phi_carryover_mode.py::TestDeviceDtypeNeutrality::test_cuda_consistency[dtype1-c-parity]
tests/test_phi_carryover_mode.py::TestFlagInteractions::test_with_misset
tests/test_phi_carryover_mode.py::TestFlagInteractions::test_with_mosaic
tests/test_phi_carryover_mode.py::TestFlagInteractions::test_with_single_phi_step

35 tests collected in 2.16s
