C binary: /home/ollie/Documents/nanoBragg/golden_suite_generator/nanoBragg
PyTorch command: nanoBragg

Running C implementation...
C runtime: 0.011 s
Running PyTorch implementation...
Py runtime: 4.912 s

Loading float images...
C image shape: (256, 256)
PyTorch image shape: (256, 256)

Computing metrics...

==================================================
COMPARISON SUMMARY
==================================================
Correlation: 0.996984
RMSE: 8.422479
Max absolute difference: 227.307739
C sum: 767493.19
Py sum: 844250.44
Sum ratio (Py/C): 1.100010
Mean peak distance: 3.00 pixels
Max peak distance: 15.00 pixels
Runtime speedup (C/Py): 0.00x

Saving PNG previews to reports/debug/2025-09-29-at-parallel-002/px_0.4mm/

✗ FAIL: Correlation 0.996984 < 0.9999
