C binary: /home/ollie/Documents/nanoBragg/golden_suite_generator/nanoBragg
PyTorch command: nanoBragg

Running C implementation...
C runtime: 0.010 s
Running PyTorch implementation...
Py runtime: 4.886 s

Loading float images...
C image shape: (256, 256)
PyTorch image shape: (256, 256)

Computing metrics...

==================================================
COMPARISON SUMMARY
==================================================
Correlation: 0.999997
RMSE: 0.023450
Max absolute difference: 0.545464
C sum: 58988.61
Py sum: 59340.68
Sum ratio (Py/C): 1.005969
Mean peak distance: 0.00 pixels
Max peak distance: 0.00 pixels
Runtime speedup (C/Py): 0.00x

Saving PNG previews to reports/debug/2025-09-29-at-parallel-002/px_0.1mm/

✓ PASS: Correlation 0.999997 >= 0.9999
