TRACE_PY: pix0_vector_meters -0.21647571314293 0.21634316475225 -0.23019526562923
TRACE_PY: fdet_vec 0.999982 -0.005998 -0.000118
TRACE_PY: sdet_vec -0.005998 -0.99997 -0.004913
TRACE_PY: pixel_pos_meters -0.0383921316229301 0.09736829552025 -0.23079563549923
TRACE_PY: R_distance_meters 0.253418953727942
TRACE_PY: omega_pixel_sr 4.20404804717402e-07
TRACE_PY: close_distance_meters 0.231274663460392
TRACE_PY: obliquity_factor 0.912617860890851
TRACE_PY: diffracted_vec -0.151496685856205 0.38421867854754 -0.910727599905575
TRACE_PY: incident_vec 0.00051387949 0 -0.99999986
TRACE_PY: lambda_meters 9.768e-11
TRACE_PY: lambda_angstroms 0.9768
TRACE_PY: scattering_vec_A_inv -1556209718.94149 3933442655.0731 913925676.642357
TRACE_PY: rot_a_angstroms -14.3562690335399 -21.8717928453817 -5.58202083498661
TRACE_PY: rot_b_angstroms -11.4986968432508 0.717320030990266 -29.1132147806318
TRACE_PY: rot_c_angstroms 21.0699500320179 -24.3892962470766 -9.75265166505327
TRACE_PY: spindle_axis_raw -1 0 0
TRACE_PY: spindle_axis_normalized -1 0 0
TRACE_PY: spindle_magnitude 1
TRACE_PY: rot_a_star_A_inv -0.0290510954135954 -0.0293958845208845 0.0107498771498772
TRACE_PY: rot_b_star_A_inv -0.0031263923013923 0.0104376433251433 -0.0328566748566749
TRACE_PY: rot_c_star_A_inv 0.0259604422604423 -0.014333015970516 -0.0106066134316134
TRACE_PY: hkl_frac -6.87916296918603 -0.589139352775903 -13.7636357974944
TRACE_PY: hkl_rounded -7 -1 -14
TRACE_PY: F_latt_a -2.40492437344276
TRACE_PY: F_latt_b -0.861431104849688
TRACE_PY: F_latt_c 0.65250853095361
TRACE_PY: F_latt 1.3517866940893
TRACE_PY: F_cell 190.27
TRACE_PY: I_before_scaling 713348.035798411
TRACE_PY: r_e_meters 2.81794117756025e-15
TRACE_PY: r_e_sqr 7.94079248018965e-30
TRACE_PY: fluence_photons_per_m2 1e+24
TRACE_PY: steps 10
TRACE_PY: oversample_thick 0
TRACE_PY: oversample_polar 0
TRACE_PY: oversample_omega 0
TRACE_PY: capture_fraction 1
TRACE_PY: polar 0.914641372883729
TRACE_PY: omega_pixel 4.20404804717402e-07
TRACE_PY: cos_2theta 0.910649621364046
TRACE_PY: I_pixel_final 2.38140349778213e-07
TRACE_PY: floatimage_accumulated 2.38140349778213e-07
