C binary: /home/ollie/Documents/tmp/nanoBragg/golden_suite_generator/nanoBragg
PyTorch command: nanoBragg

Running C implementation...
C runtime: 0.517 s
Running PyTorch implementation...
Py runtime: 5.832 s

Loading float images...
C image shape: (4096, 4096)
PyTorch image shape: (4096, 4096)

Computing metrics...

==================================================
COMPARISON SUMMARY
==================================================
Correlation: 0.036880
RMSE: 1.547674
Max absolute difference: 16.767368
C sum: 34588.84
Py sum: 410841.19
Sum ratio (Py/C): 11.877855
Mean peak distance: 143.81 pixels
Max peak distance: 203.74 pixels
Runtime speedup (C/Py): 0.09x

Saving PNG previews to reports/2026-01-vectorization-parity/phase_d/roi_compare_post_fix/

✗ FAIL: Correlation 0.036880 < 0.95
