TRACE_PY: === PIXEL (262, 368) TRACE START ===

TRACE_PY: === Crystal Reciprocal Vectors (1/Å) ===
TRACE_PY: a_star = [-1.228675494868860e-02, 4.820185412568148e-04, 7.484723816302425e-03]
TRACE_PY: b_star = [-7.969636761201410e-03, 3.055644302324256e-04, -1.025385839964174e-02]
TRACE_PY: c_star = [2.234004742154110e-03, -1.120566688593248e-02, 1.856854153285047e-03]

TRACE_PY: === Crystal Real Vectors (Å) ===
TRACE_PY: a = [-5.538900381882583e+01, -3.928262100007014e+00, 4.293309763725902e+01]
TRACE_PY: b = [-4.106501118407451e+01, -1.915300712665212e+01, -6.617794283192507e+01]
TRACE_PY: c = [-3.502382675379931e+00, -8.993181602980994e+01, 4.220397627119205e-02]

TRACE_PY: === Target Pixel (262, 368) ===
TRACE_PY: pixel_pos = [1.000000000000000e-01, -1.115000000000000e-02, 5.500000000000019e-04] m
TRACE_PY: airpath = 1.006211955802554e-01 m
TRACE_PY: diffracted = [9.938263943628071e-01, -1.108116429714530e-01, 5.466045168995457e-03]
TRACE_PY: incident = [1.000000000000000e+00, 0.000000000000000e+00, 0.000000000000000e+00]
TRACE_PY: scattering_vector = [-6.173605637192935e+07, -1.108116429714530e+09, 5.466045168995456e+07] 1/Å

TRACE_PY: === Miller Indices ===
TRACE_PY: h_float = 6.335215157202648e+15
TRACE_PY: k_float = -4.070675528128315e+15
TRACE_PY: l_float = 1.238076142625397e+17
TRACE_PY: h_int = 6335215157202648
TRACE_PY: k_int = -4070675528128315
TRACE_PY: l_int = 123807614262539744

TRACE_PY: === Structure Factor ===
TRACE_PY: F_cell = 1.000000000000000e+02
TRACE_PY: F_cell^2 = 1.000000000000000e+04
auto-selected 2-fold oversampling

TRACE_PY: === Final Intensity ===
TRACE_PY: final_intensity = 1.362082655994617e+02

TRACE_PY: === PIXEL (262, 368) TRACE END ===
