# Tracing pixel (slow=1039, fast=685)
# Trace complete
TRACE_PY:detector_convention=CUSTOM
TRACE_PY:angles_rad=rotx:0 roty:0 rotz:0 twotheta:0
TRACE_PY:beam_center_m=Xclose:0.217742295 Yclose:0.21390708 pixel_mm:0.172
TRACE_PY:initial_fdet=0.999982 -0.005998 -0.000118
TRACE_PY:initial_sdet=-0.005998 -0.99997 -0.004913
TRACE_PY:initial_odet=-8.8e-05 0.004914 -0.999988
TRACE_PY:Fclose_m=0.217742295
TRACE_PY:Sclose_m=0.21390708
TRACE_PY:close_distance_m=0.231274663460392
TRACE_PY:ratio=0.999987814780285
TRACE_PY:distance_m=0.23127748162732
TRACE_PY:term_fast_before_rot=-0.21773837563869 0.00130601828541 2.569359081e-05
TRACE_PY:term_slow_before_rot=0.00128301466584 0.2139006627876 0.00105092548404
TRACE_PY:term_close_before_rot=-2.03521703845145e-05 0.00113648369624436 -0.23127188816443
TRACE_PY:pix0_before_rotation=-0.21647571314293 0.21634316475225 -0.23019526562923
TRACE_PY:pix0_after_rotz=-0.21647571314293 0.21634316475225 -0.23019526562923
TRACE_PY:pix0_after_twotheta=-0.21647571314293 0.21634316475225 -0.23019526562923
TRACE_PY:fdet_after_rotz=0.999982 -0.005998 -0.000118
TRACE_PY:sdet_after_rotz=-0.005998 -0.99997 -0.004913
TRACE_PY:odet_after_rotz=-8.8e-05 0.004914 -0.999988
TRACE_PY:twotheta_axis=0 1 0
TRACE_PY:fdet_after_twotheta=0.999982 -0.005998 -0.000118
TRACE_PY:sdet_after_twotheta=-0.005998 -0.99997 -0.004913
TRACE_PY:odet_after_twotheta=-8.8e-05 0.004914 -0.999988
TRACE_PY: pix0_vector_meters -0.21647571314293 0.21634316475225 -0.23019526562923
TRACE_PY: fdet_vec 0.999982 -0.005998 -0.000118
TRACE_PY: sdet_vec -0.005998 -0.99997 -0.004913
TRACE_PY: pixel_pos_meters -0.09964424186293 0.03684732838425 -0.23108759345923
TRACE_PY: R_distance_meters 0.25433870408625
TRACE_PY: omega_pixel_sr 4.15860421194165e-07
TRACE_PY: close_distance_meters 0.231274663460392
TRACE_PY: obliquity_factor 0.90931761365727
TRACE_PY: diffracted_vec -0.391777736781811 0.144875033930166 -0.908582098385091
TRACE_PY: incident_vec 0.00051387949 0 -0.99999986
TRACE_PY: lambda_meters 9.768e-11
TRACE_PY: lambda_angstroms 0.9768
TRACE_PY: scattering_vec_A_inv -4016089437.67211 1483159643.01972 935890270.422901
TRACE_PY: rot_a_angstroms -14.3562690335399 -21.8717928453817 -5.58202083498661
TRACE_PY: rot_b_angstroms -11.4986968432508 0.717320030990266 -29.1132147806318
TRACE_PY: rot_c_angstroms 21.0699500320179 -24.3892962470766 -9.75265166505327
TRACE_PY: rot_a_star_A_inv -0.0290510954135954 -0.0293958845208845 0.0107498771498771
TRACE_PY: rot_b_star_A_inv -0.0031263923013923 0.0104376433251433 -0.0328566748566749
TRACE_PY: rot_c_star_A_inv 0.0259604422604423 -0.014333015970516 -0.0106066134316134
TRACE_PY: hkl_frac 1.99925409724593 1.9996920606342 -12.991943549533
TRACE_PY: hkl_rounded 2 2 -13
TRACE_PY: F_latt_a 35.9573598805798
TRACE_PY: F_latt_b 46.9838162313509
TRACE_PY: F_latt_c 26.4683259730135
TRACE_PY: F_latt 44715.9601587609
TRACE_PY: F_cell 300.58
TRACE_PY: I_before_scaling 180653042948677
TRACE_PY: r_e_meters 2.81794117756025e-15
TRACE_PY: r_e_sqr 7.94079248018965e-30
TRACE_PY: fluence_photons_per_m2 1e+24
TRACE_PY: steps 10
TRACE_PY: oversample_thick 0
TRACE_PY: oversample_polar 0
TRACE_PY: oversample_omega 0
TRACE_PY: capture_fraction 1
TRACE_PY: polar 1
TRACE_PY: omega_pixel 4.15860421194165e-07
TRACE_PY: cos_2theta 0.908380644640026
TRACE_PY: I_pixel_final 497.176575451482
TRACE_PY: floatimage_accumulated 497.176575451482
TRACE: Omega (solid angle) = 4.158604211942e-07
TRACE: r_e^2 = 7.940792480190e-30
TRACE: Fluence = 1.000000000000e+24
TRACE: Oversample = 1

TRACE: Intensity calculation chain:
  normalized * r_e^2 * fluence
  = 6.261044809971e+07 * 7.940792480190e-30 * 1.000000000000e+24
  = 4.971765754515e+02
