TRACE_C:fdet_after_rotz=0 0 1
TRACE_C:sdet_after_rotz=0 -1 0
TRACE_C:odet_after_rotz=1 0 0
TRACE_C:twotheta_axis=0 0 -1
TRACE_C:fdet_after_twotheta=0 0 1
TRACE_C:sdet_after_twotheta=0 -1 0
TRACE_C:odet_after_twotheta=1 0 0
TRACE_C:detector_convention=MOSFLM
TRACE_C:angles_rad=rotx:0 roty:0 rotz:0 twotheta:0
TRACE_C:beam_center_m=X:0.000102425 Y:0.000102425 pixel_mm:0.05
TRACE_C:initial_fdet=0 0 1
TRACE_C:initial_sdet=0 -1 0
TRACE_C:initial_odet=1 0 0
TRACE_C:Rx=[1 0 0; 0 1 -0; 0 0 1]
TRACE_C:Ry=[1 0 0; 0 1 0; -0 0 1]
TRACE_C:Rz=[1 -0 0; 0 1 0; 0 0 1]
TRACE_C:R_total=[1 0 0; 0 1 0; 0 0 1]
TRACE_C:fdet_after_rotz=0 0 1
TRACE_C:sdet_after_rotz=0 -1 0
TRACE_C:odet_after_rotz=1 0 0
TRACE_C:twotheta_axis=0 0 -1
TRACE_C:fdet_after_twotheta=0 0 1
TRACE_C:sdet_after_twotheta=0 -1 0
TRACE_C:odet_after_twotheta=1 0 0
TRACE_C:convention_mapping=Fbeam←Ybeam_mm(+0.5px),Sbeam←Xbeam_mm(+0.5px),beam_vec=[1 0 0]
TRACE_C:Fbeam_m=0.10245
TRACE_C:Sbeam_m=0.10245
TRACE_C:distance_m=0.5
TRACE_C:term_fast=-0 -0 -0.10245
TRACE_C:term_slow=-0 0.10245 -0
TRACE_C:term_beam=0.5 0 0
TRACE_C:pix0_vector=0.5 0.10245 -0.10245
TRACE_C: pix0_vector_meters 0.5 0.10245 -0.10245
TRACE_C: fdet_vec 0 0 1
TRACE_C: sdet_vec 0 -1 0
TRACE_C: pixel_pos_meters 0.5 0.012825 -2.49999999999972e-05
TRACE_C: R_distance_meters 0.500164454204814
TRACE_C: omega_pixel_sr 9.99013923499925e-09
TRACE_C: close_distance_meters 0.5
TRACE_C: obliquity_factor 0.999671199735543
TRACE_C: diffracted_vec 0.999671199735543 0.0256415662732167 -4.99835599867717e-05
TRACE_C: incident_vec 1 0 -0
TRACE_C: lambda_meters 5e-11
TRACE_C: lambda_angstroms 0.5
TRACE_C: scattering_vec_A_inv -6576005.28913838 512831325.464334 -999671.199735433
TRACE_C: rot_a_angstroms 100 6.12323399573677e-15 6.12323399573677e-15
TRACE_C: rot_b_angstroms -0 100 6.12323399573677e-15
TRACE_C: rot_c_angstroms 0 -0 100
TRACE_C: rot_a_star_A_inv 0.01 0 0
TRACE_C: rot_b_star_A_inv -6.12323399573677e-19 0.01 0
TRACE_C: rot_c_star_A_inv -6.12323399573677e-19 -6.12323399573677e-19 0.01
TRACE_C: hkl_frac -0.0657600528913834 5.12831325464334 -0.00999671199735433
TRACE_C: hkl_rounded 0 5 0
TRACE_C: F_latt_a 4.18680219731307
TRACE_C: F_latt_b 2.30122133363923
TRACE_C: F_latt_c 4.98029580886302
TRACE_C: F_latt 47.9839475571666
TRACE_C: F_cell 108.21
TRACE_C: I_before_scaling 26960425.4678569
TRACE_C: r_e_meters 2.81794117756025e-15
TRACE_C: r_e_sqr 7.94079248018965e-30
TRACE_C: fluence_photons_per_m2 1.25932015286227e+29
TRACE_C: steps 1
TRACE_C: oversample_thick 0
TRACE_C: oversample_polar 0
TRACE_C: oversample_omega 0
TRACE_C: capture_fraction 1
TRACE_C: polar 0.99967125379035
TRACE_C: omega_pixel 9.99013923499925e-09
TRACE_C: cos_2theta 0.999671199735543
TRACE_C: I_pixel_final 0.269249860279197
TRACE_C: floatimage_accumulated 0.269249856472015
