WARNING: auto-generating odet_vector
nanoBragg nanocrystal diffraction simulator - James Holton and Ken Frankel 5-17-17
custom convention selected.
TRACE_C:fdet_after_rotz=0.999982004873912 -0.00599800002923425 -0.000118000000575132
TRACE_C:sdet_after_rotz=-0.0059979996566955 -0.999969942765222 -0.0049129997187971
TRACE_C:odet_after_rotz=-8.85282813644494e-05 0.00491361907271126 -0.999987924182263
TRACE_C:twotheta_axis=0 1 0
TRACE_C:fdet_after_twotheta=0.999982004873912 -0.00599800002923425 -0.000118000000575132
TRACE_C:sdet_after_twotheta=-0.0059979996566955 -0.999969942765222 -0.0049129997187971
TRACE_C:odet_after_twotheta=-8.85282813644494e-05 0.00491361907271126 -0.999987924182263
DETECTOR_FAST_AXIS 0.999982004873912 -0.00599800002923425 -0.000118000000575132
DETECTOR_SLOW_AXIS -0.0059979996566955 -0.999969942765222 -0.0049129997187971
DETECTOR_NORMAL_AXIS -8.85282813644494e-05 0.00491361907271126 -0.999987924182263
pivoting detector around direct beam spot
TRACE_C:detector_convention=MOSFLM
TRACE_C:angles_rad=rotx:0 roty:0 rotz:0 twotheta:0
TRACE_C:beam_center_m=X:0.000217742295 Y:0.00021390708 pixel_mm:0.172
TRACE_C:initial_fdet=0 0 1
TRACE_C:initial_sdet=0 -1 0
TRACE_C:initial_odet=1 0 0
TRACE_C:Rx=[1 0 0; 0 1 -0; 0 0 1]
TRACE_C:Ry=[1 0 0; 0 1 0; -0 0 1]
TRACE_C:Rz=[1 -0 0; 0 1 0; 0 0 1]
TRACE_C:R_total=[1 0 0; 0 1 0; 0 0 1]
TRACE_C:fdet_after_rotz=0.999982004873912 -0.00599800002923425 -0.000118000000575132
TRACE_C:sdet_after_rotz=-0.0059979996566955 -0.999969942765222 -0.0049129997187971
TRACE_C:odet_after_rotz=-8.85282813644494e-05 0.00491361907271126 -0.999987924182263
TRACE_C:twotheta_axis=0 1 0
TRACE_C:fdet_after_twotheta=0.999982004873912 -0.00599800002923425 -0.000118000000575132
TRACE_C:sdet_after_twotheta=-0.0059979996566955 -0.999969942765222 -0.0049129997187971
TRACE_C:odet_after_twotheta=-8.85282813644494e-05 0.00491361907271126 -0.999987924182263
TRACE_C:convention_mapping=Fbeam←Ybeam_mm(+0.5px),Sbeam←Xbeam_mm(+0.5px),beam_vec=[1 0 0]
TRACE_C:Fbeam_m=0.217742295
TRACE_C:Sbeam_m=0.21390708
TRACE_C:distance_m=0.23127466
TRACE_C:term_fast=-0.217738376699947 0.00130601829177553 2.56935909352306e-05
TRACE_C:term_slow=0.00128301459240474 0.213900650544676 0.00105092542388871
TRACE_C:term_beam=0.000118847305277214 0 -0.231274629463401
TRACE_C:pix0_vector=-0.216336514802265 0.215206668836451 -0.230198010448577
DETECTOR_PIX0_VECTOR -0.216336514802265 0.215206668836451 -0.230198010448577
XDS incident beam: 0.00063187 0.00490992 0.999988
auto-selected no interpolation
reading A.mat
TRACE: Raw matrix values from file:
TRACE:   a_star (raw) = [-0.0283771, -0.0287139, 0.0105005]
TRACE:   b_star (raw) = [-0.00305386, 0.0101955, -0.0320944]
TRACE:   c_star (raw) = [0.0253582, -0.0140005, -0.0103605]
TRACE:   lambda0 = 0.9768 Angstroms
TRACE:   scaling factor = 1e-10/lambda0 = 1.02375
TRACE: After wavelength correction:
TRACE:   a_star = [-0.0290511, -0.0293959, 0.0107499] |a_star| = 0.0427041
TRACE:   b_star = [-0.00312639, 0.0104376, -0.0328567] |b_star| = 0.0346162
TRACE:   c_star = [0.0259604, -0.014333, -0.0106066] |c_star| = 0.0314941
TRACE: Before misset rotation:
TRACE:   a_star = [-0.0290511, -0.0293959, 0.0107499] |a_star| = 0.0427041
TRACE:   b_star = [-0.00312639, 0.0104376, -0.0328567] |b_star| = 0.0346162
TRACE:   c_star = [0.0259604, -0.014333, -0.0106066] |c_star| = 0.0314941
TRACE:   misset angles = [0, 0, 0] degrees
TRACE: After misset rotation:
TRACE:   a_star = [-0.0290511, -0.0293959, 0.0107499] |a_star| = 0.0427041
TRACE:   b_star = [-0.00312639, 0.0104376, -0.0328567] |b_star| = 0.0346162
TRACE:   c_star = [0.0259604, -0.014333, -0.0106066] |c_star| = 0.0314941
TRACE: Computing cross products of reciprocal vectors:
TRACE:   Input vectors for cross products:
TRACE:     a_star = [-0.0290511, -0.0293959, 0.0107499]
TRACE:     b_star = [-0.00312639, 0.0104376, -0.0328567]
TRACE:     c_star = [0.0259604, -0.014333, -0.0106066]
TRACE:   Cross product results:
TRACE:     a_star x b_star = [0.000853648, -0.000988131, -0.000395128]
TRACE:     b_star x c_star = [-0.000581643, -0.000886134, -0.000226155]
TRACE:     c_star x a_star = [-0.000465869, 2.90622e-05, -0.00117952]
TRACE: Reciprocal cell volume calculation:
TRACE:   V_star = a_star . (b_star x c_star) = 4.05149e-05
TRACE: Direct-space cell volume: V_cell = 1/V_star = 24682.3
TRACE: Before computing real-space vectors:
TRACE:   b_star_cross_c_star = [-0.000581643, -0.000886134, -0.000226155]
TRACE:   c_star_cross_a_star = [-0.000465869, 2.90622e-05, -0.00117952]
TRACE:   a_star_cross_b_star = [0.000853648, -0.000988131, -0.000395128]
TRACE:   V_cell = 24682.3, V_star = 4.05149e-05
TRACE: After computing real-space vectors:
TRACE:   a = [-14.3563, -21.8718, -5.58202] |a| = 26.7514
TRACE:   b = [-11.4987, 0.71732, -29.1132] |b| = 31.31
TRACE:   c = [21.07, -24.3893, -9.75265] |c| = 33.6734
TRACE: Re-generating reciprocal vectors from real-space vectors:
TRACE:   Before re-generation: a_star = [-0.0290511, -0.0293959, 0.0107499] |a_star| = 0.0427041
TRACE:   Before re-generation: b_star = [-0.00312639, 0.0104376, -0.0328567] |b_star| = 0.0346162
TRACE:   Before re-generation: c_star = [0.0259604, -0.014333, -0.0106066] |c_star| = 0.0314941
TRACE:   Cross products: b_cross_c = [-717.047, -725.557, 265.331]
TRACE:   Cross products: c_cross_a = [-77.1664, 257.625, -810.977]
TRACE:   Cross products: a_cross_b = [640.762, -353.771, -261.795]
TRACE:   After re-generation: a_star = [-0.0290511, -0.0293959, 0.0107499] |a_star| = 0.0427041
TRACE:   After re-generation: b_star = [-0.00312639, 0.0104376, -0.0328567] |b_star| = 0.0346162
TRACE:   After re-generation: c_star = [0.0259604, -0.014333, -0.0106066] |c_star| = 0.0314941
Unit Cell: 26.7514 31.31 33.6734 88.687 71.5295 68.1375
Recp Cell: 0.0427041 0.0346162 0.0314941 83.8005 109.406 112.647
volume = 24682.3 A^3
real-space cell vectors (Angstrom):
     a           b           c         
X: -14.35626903 -11.49869684 21.06995003
Y: -21.87179285  0.71732003 -24.38929625
Z: -5.58202083 -29.11321478 -9.75265167
reciprocal-space cell vectors (Angstrom^-1):
     a_star      b_star      c_star    
X: -0.02905110 -0.00312639  0.02596044
Y: -0.02939588  0.01043764 -0.01433302
Z:  0.01074988 -0.03285667 -0.01060661
TRACE: Converting real-space vectors from Angstroms to meters:
TRACE:   Before conversion: a = [-14.3563, -21.8718, -5.58202] |a| = 26.7514 Angstroms
TRACE:   Before conversion: b = [-11.4987, 0.71732, -29.1132] |b| = 31.31 Angstroms
TRACE:   Before conversion: c = [21.07, -24.3893, -9.75265] |c| = 33.6734 Angstroms
TRACE:   After conversion: a = [-1.43563e-09, -2.18718e-09, -5.58202e-10] |a| = 2.67514e-09 meters
TRACE:   After conversion: b = [-1.14987e-09, 7.1732e-11, -2.91132e-09] |b| = 3.131e-09 meters
TRACE:   After conversion: c = [2.107e-09, -2.43893e-09, -9.75265e-10] |c| = 3.36734e-09 meters
TRACE: Copying vectors to a0, b0, c0 (phi=0 mosaic=0 reference):
TRACE:   a0 = [-1.43563e-09, -2.18718e-09, -5.58202e-10] |a0| = 2.67514e-09 meters
TRACE:   b0 = [-1.14987e-09, 7.1732e-11, -2.91132e-09] |b0| = 3.131e-09 meters
TRACE:   c0 = [2.107e-09, -2.43893e-09, -9.75265e-10] |c0| = 3.36734e-09 meters
TRACE: Copying vectors to ap, bp, cp (phi=0 working copy):
TRACE:   ap = [-1.43563e-09, -2.18718e-09, -5.58202e-10] |ap| = 2.67514e-09 meters
TRACE:   bp = [-1.14987e-09, 7.1732e-11, -2.91132e-09] |bp| = 3.131e-09 meters
TRACE:   cp = [2.107e-09, -2.43893e-09, -9.75265e-10] |cp| = 3.36734e-09 meters
crystal is 0.096305 x 0.112716 x 0.121224 microns
auto-selected 3-fold oversampling
approximate MW = 20382
counting entries in scaled.hkl
re-reading scaled.hkl
writing dump file for next time: Fdump.bin
thick0 = 0 um
phi0 = 0
phi1 = 0.01
phi2 = 0.02
phi3 = 0.03
phi4 = 0.04
phi5 = 0.05
phi6 = 0.06
phi7 = 0.07
phi8 = 0.08
phi9 = 0.09
divergence deviation: 0 0
lambda0 = 9.768e-11
  created a total of 1 sources:
-0.00513879 0 10   1 9.768e-11
  created a total of 1 mosaic domains
  64333 initialized hkls (all others =0)
  parallelpiped xtal: 36x36x36 cells
  wave=9.768e-11 meters +/- 0% in 1 steps
  Kahn polarization factor: 0.000000
  incident fluence: 1e+24 photons/m^2
  distance=0.231275 detsize=0.423636x0.434644  pixel=0.000172 meters (2463x2527 pixels)
  sensor is 0 m thick in 1 layers with mu= -1
  Xbeam=0.217742 Ybeam=0.213907
  Fbeam=0.217742 Sbeam=0.213907
  Xclose=0.211818 Yclose=0.217322
  Fclose=0.217596 Sclose=0.212772
  DIRECTION_OF_DETECTOR_X-AXIS= 0.999982 -0.005998 -0.000118
  DIRECTION_OF_DETECTOR_Y-AXIS= -0.005998 -0.99997 -0.004913
  DIRECTION_OF_DETECTOR_Z-AXIS= -8.85283e-05 0.00491362 -0.999988
  INCIDENT_BEAM_DIRECTION= 0.000513879 0 -1
  spindle ROTATION_AXIS= 0 0 1
  POLARIZATION_PLANE_NORMAL= 0 -0.000513879 0
  dials origin= -230.198 215.207 216.337
  roi: 0 < x < 2463 && 0 < y < 2527
  hdivrange=0 hdivstep=0  radians
  vdivrange=0 vdivstep=0  radians
  1 divergence steps
  1 sources
  1 mosaic domains over mosaic spread of 0 degrees
  10 phi steps from 0 to 0.1 degrees
  3x3 pixel oversample steps

  noise image paramters:
  seed: -1759886821
  water droplet size: 0 m
TRACE_CONFIG: tracing pixel (spixel=685, fpixel=1039)
0% done
0% done
0% done
0% done
0% done
0% done
0% done
0% done
0% done
0% done
0% done
0% done
0% done
0% done
0% done
0% done
0% done
0% done
0% done
0% done
0% done
0% done
0% done
0% done
0% done
0% done
0% done
0% done
0% done
0% done
0% done
0% done
0% done
0% done
0% done
0% done
0% done
0% done
0% done
0% done
0% done
0% done
0% done
0% done
0% done
0% done
0% done
0% done
0% done
0% done
0% done
0% done
0% done
0% done
0% done
0% done
0% done
0% done
0% done
0% done
0% done
0% done
0% done
0% done
1% done
1% done
1% done
1% done
1% done
1% done
1% done
1% done
1% done
1% done
1% done
1% done
1% done
1% done
1% done
1% done
1% done
1% done
1% done
1% done
1% done
1% done
1% done
1% done
1% done
1% done
1% done
1% done
1% done
1% done
1% done
1% done
TRACE_C: pix0_vector_meters -0.216336514802265 0.215206668836451 -0.230198010448577
TRACE_C: fdet_vec 0.999982004873912 -0.00599800002923425 -0.000118000000575132
TRACE_C: sdet_vec -0.0059979996566955 -0.999969942765222 -0.0049129997187971
TRACE_C: pixel_pos_meters -0.0383099207866601 0.096289481842935 -0.230798091841541
TRACE_C: R_distance_meters 0.25299619274202
TRACE_C: omega_pixel_sr 4.22510655772503e-07
TRACE_C: close_distance_meters 0.231271826111781
TRACE_C: obliquity_factor 0.914131646034724
TRACE_C: diffracted_vec -0.151424890514952 0.380596564712423 -0.91225915038526
TRACE_C: incident_vec 0.000513879494092498 -0 -0.999999867963924
TRACE_C: lambda_meters 9.768e-11
TRACE_C: lambda_angstroms 0.9768
TRACE_C: scattering_vec_A_inv -1555474713.44231 3896361227.60466 898246494.458063
TRACE_C: rot_a_angstroms -14.321895204473 -21.8943166275351 -5.58202083498661
TRACE_C: rot_b_angstroms -11.4998094205115 0.699257042695769 -29.1132147806318
TRACE_C: rot_c_angstroms 21.1082346392177 -24.356169571489 -9.75265166505327
TRACE_C: rot_a_star_A_inv -0.0290510954135954 -0.0293958845208845 0.0107498771498771
TRACE_C: rot_b_star_A_inv -0.0031263923013923 0.0104376433251433 -0.0328566748566749
TRACE_C: rot_c_star_A_inv 0.0259604422604423 -0.014333015970516 -0.0106066134316134
TRACE_C: hkl_frac -6.8044851220318 -0.553862232680661 -13.6494045167829
TRACE_C: hkl_rounded -7 -1 -14
TRACE_C: F_latt_a 0.209546815169047
TRACE_C: F_latt_b -0.193099737696595
TRACE_C: F_latt_c 1.04064609415706
TRACE_C: F_latt -0.0421081156350286
TRACE_C_PHI phi_tic=0 phi_deg=0 k_frac=-0.553862232680661 F_latt_b=-0.193099737696595 F_latt=-0.0421081156350286
TRACE_C: F_cell 190.27
TRACE_C_PHI phi_tic=1 phi_deg=0.01 k_frac=-0.547759817315876 F_latt_b=-0.780576357407336 F_latt=-1.38054850835686
TRACE_C_PHI phi_tic=2 phi_deg=0.02 k_frac=-0.548522399070347 F_latt_b=-0.72254426085061 F_latt=-1.28878098551055
TRACE_C_PHI phi_tic=3 phi_deg=0.03 k_frac=-0.549285043775893 F_latt_b=-0.659094919802563 F_latt=-1.13790358676895
TRACE_C_PHI phi_tic=4 phi_deg=0.04 k_frac=-0.550047751409283 F_latt_b=-0.590693849569294 F_latt=-0.943973523352105
TRACE_C_PHI phi_tic=5 phi_deg=0.05 k_frac=-0.550810521947284 F_latt_b=-0.517843802669252 F_latt=-0.727115533000586
TRACE_C_PHI phi_tic=6 phi_deg=0.06 k_frac=-0.551573355366661 F_latt_b=-0.441081097517954 F_latt=-0.50920110270349
TRACE_C_PHI phi_tic=7 phi_deg=0.07 k_frac=-0.552336251644176 F_latt_b=-0.360971693543789 F_latt=-0.311327954533339
TRACE_C_PHI phi_tic=8 phi_deg=0.08 k_frac=-0.553099210756589 F_latt_b=-0.278107041280557 F_latt=-0.15140124508807
TRACE_C_PHI phi_tic=9 phi_deg=0.09 k_frac=-0.553862232680661 F_latt_b=-0.193099737696595 F_latt=-0.0421081156350286
TRACE_C: pix0_vector_meters -0.216336514802265 0.215206668836451 -0.230198010448577
TRACE_C: fdet_vec 0.999982004873912 -0.00599800002923425 -0.000118000000575132
TRACE_C: sdet_vec -0.0059979996566955 -0.999969942765222 -0.0049129997187971
TRACE_C: pixel_pos_meters -0.0382525884850473 0.0962891379576 -0.230798098606874
TRACE_C: R_distance_meters 0.252987392838008
TRACE_C: omega_pixel_sr 4.22510655772503e-07
TRACE_C: close_distance_meters 0.231271826111781
TRACE_C: obliquity_factor 0.914163443155717
TRACE_C: diffracted_vec -0.151203536492196 0.38060844407079 -0.912290909115215
TRACE_C: incident_vec 0.000513879494092498 -0 -0.999999867963924
TRACE_C: lambda_meters 9.768e-11
TRACE_C: lambda_angstroms 0.9768
TRACE_C: scattering_vec_A_inv -1553208599.36823 3896482842.65756 897921364.135024
TRACE_C: rot_a_angstroms -14.321895204473 -21.8943166275351 -5.58202083498661
TRACE_C: rot_b_angstroms -11.4998094205115 0.699257042695769 -29.1132147806318
TRACE_C: rot_c_angstroms 21.1082346392177 -24.356169571489 -9.75265166505327
TRACE_C: rot_a_star_A_inv -0.0290510954135954 -0.0293958845208845 0.0107498771498771
TRACE_C: rot_b_star_A_inv -0.0031263923013923 0.0104376433251433 -0.0328566748566749
TRACE_C: rot_c_star_A_inv 0.0259604422604423 -0.014333015970516 -0.0106066134316134
TRACE_C: hkl_frac -6.80781540628459 -0.555513157767504 -13.6446002694299
TRACE_C: hkl_rounded -7 -1 -14
TRACE_C: F_latt_a -0.445286118485299
TRACE_C: F_latt_b -0.00486891568294005
TRACE_C: F_latt_c 0.669891722115381
TRACE_C: F_latt 0.00145236582599957
TRACE_C_PHI phi_tic=0 phi_deg=0 k_frac=-0.555513157767504 F_latt_b=-0.00486891568294005 F_latt=0.00145236582599957
TRACE_C: F_cell 190.27
TRACE_C_PHI phi_tic=1 phi_deg=0.01 k_frac=-0.54941032334511 F_latt_b=-0.648186153296466 F_latt=-1.08702688484707
TRACE_C_PHI phi_tic=2 phi_deg=0.02 k_frac=-0.550172957758688 F_latt_b=-0.579026661230309 F_latt=-0.865501032828854
TRACE_C_PHI phi_tic=3 phi_deg=0.03 k_frac=-0.550935655044229 F_latt_b=-0.505504986037439 F_latt=-0.637936400291476
TRACE_C_PHI phi_tic=4 phi_deg=0.04 k_frac=-0.551698415178499 F_latt_b=-0.428162408087934 F_latt=-0.425205384805927
TRACE_C_PHI phi_tic=5 phi_deg=0.05 k_frac=-0.552461238138264 F_latt_b=-0.347569169890207 F_latt=-0.244934555624854
TRACE_C_PHI phi_tic=6 phi_deg=0.06 k_frac=-0.553224123900287 F_latt_b=-0.264320294414031 F_latt=-0.109569791616869
TRACE_C_PHI phi_tic=7 phi_deg=0.07 k_frac=-0.553987072441328 F_latt_b=-0.179031213883488 F_latt=-0.0250976198330677
TRACE_C_PHI phi_tic=8 phi_deg=0.08 k_frac=-0.554750083738148 F_latt_b=-0.0923332409884106 F_latt=0.00942174734674239
TRACE_C_PHI phi_tic=9 phi_deg=0.09 k_frac=-0.555513157767504 F_latt_b=-0.00486891568294005 F_latt=0.00145236582599957
TRACE_C: pix0_vector_meters -0.216336514802265 0.215206668836451 -0.230198010448577
TRACE_C: fdet_vec 0.999982004873912 -0.00599800002923425 -0.000118000000575132
TRACE_C: sdet_vec -0.0059979996566955 -0.999969942765222 -0.0049129997187971
TRACE_C: pixel_pos_meters -0.0381952561834345 0.096288794072265 -0.230798105372208
TRACE_C: R_distance_meters 0.252978605621523
TRACE_C: omega_pixel_sr 4.22510655772503e-07
TRACE_C: close_distance_meters 0.231271826111781
TRACE_C: obliquity_factor 0.914195196639606
TRACE_C: diffracted_vec -0.150982159497621 0.380620305166521 -0.91232262429931
TRACE_C: incident_vec 0.000513879494092498 -0 -0.999999867963924
TRACE_C: lambda_meters 9.768e-11
TRACE_C: lambda_angstroms 0.9768
TRACE_C: scattering_vec_A_inv -1550942250.11992 3896604270.74653 897596679.61317
TRACE_C: rot_a_angstroms -14.321895204473 -21.8943166275351 -5.58202083498661
TRACE_C: rot_b_angstroms -11.4998094205115 0.699257042695769 -29.1132147806318
TRACE_C: rot_c_angstroms 21.1082346392177 -24.356169571489 -9.75265166505327
TRACE_C: rot_a_star_A_inv -0.0290510954135954 -0.0293958845208845 0.0107498771498771
TRACE_C: rot_b_star_A_inv -0.0031263923013923 0.0104376433251433 -0.0328566748566749
TRACE_C: rot_c_star_A_inv 0.0259604422604423 -0.014333015970516 -0.0106066134316134
TRACE_C: hkl_frac -6.81114586685386 -0.557165664244388 -13.6397955050674
TRACE_C: hkl_rounded -7 -1 -14
TRACE_C: F_latt_a -1.05698132374244
TRACE_C: F_latt_b 0.184054454013449
TRACE_C: F_latt_c 0.113088335729678
TRACE_C: F_latt -0.0220004446303152
TRACE_C_PHI phi_tic=0 phi_deg=0 k_frac=-0.557165664244388 F_latt_b=0.184054454013449 F_latt=-0.0220004446303152
TRACE_C: F_cell 190.27
TRACE_C_PHI phi_tic=1 phi_deg=0.01 k_frac=-0.551062411041351 F_latt_b=-0.49290140831429 F_latt=-0.473389615823644
TRACE_C_PHI phi_tic=2 phi_deg=0.02 k_frac=-0.551825098079445 F_latt_b=-0.414987103077907 F_latt=-0.295340637957216
TRACE_C_PHI phi_tic=3 phi_deg=0.03 k_frac=-0.552587847910381 F_latt_b=-0.333920048489788 F_latt=-0.15651952369533
TRACE_C_PHI phi_tic=4 phi_deg=0.04 k_frac=-0.553350660510923 F_latt_b=-0.250298766733117 F_latt=-0.0621136074804861
TRACE_C_PHI phi_tic=5 phi_deg=0.05 k_frac=-0.554113535857836 F_latt_b=-0.164741438959455 F_latt=-0.0106624871361406
TRACE_C_PHI phi_tic=6 phi_deg=0.06 k_frac=-0.55487647392788 F_latt_b=-0.0778813560222353 F_latt=0.00542797290494251
TRACE_C_PHI phi_tic=7 phi_deg=0.07 k_frac=-0.555639474697815 F_latt_b=0.00963774952112159 F_latt=-0.00141637845856672
TRACE_C_PHI phi_tic=8 phi_deg=0.08 k_frac=-0.556402538144399 F_latt_b=0.097166455878161 F_latt=-0.0158659966015517
TRACE_C_PHI phi_tic=9 phi_deg=0.09 k_frac=-0.557165664244388 F_latt_b=0.184054454013449 F_latt=-0.0220004446303152
TRACE_C: pix0_vector_meters -0.216336514802265 0.215206668836451 -0.230198010448577
TRACE_C: fdet_vec 0.999982004873912 -0.00599800002923425 -0.000118000000575132
TRACE_C: sdet_vec -0.0059979996566955 -0.999969942765222 -0.0049129997187971
TRACE_C: pixel_pos_meters -0.0383102646719738 0.0962321502328832 -0.230798373520191
TRACE_C: R_distance_meters 0.252974687147245
TRACE_C: omega_pixel_sr 4.22510655772503e-07
TRACE_C: close_distance_meters 0.231271826111781
TRACE_C: obliquity_factor 0.914209357148718
TRACE_C: diffracted_vec -0.151439122641053 0.38040228972344 -0.912337815782549
TRACE_C: incident_vec 0.000513879494092498 -0 -0.999999867963924
TRACE_C: lambda_meters 9.768e-11
TRACE_C: lambda_angstroms 0.9768
TRACE_C: scattering_vec_A_inv -1555620414.97897 3894372335.41606 897441156.647988
TRACE_C: rot_a_angstroms -14.321895204473 -21.8943166275351 -5.58202083498661
TRACE_C: rot_b_angstroms -11.4998094205115 0.699257042695769 -29.1132147806318
TRACE_C: rot_c_angstroms 21.1082346392177 -24.356169571489 -9.75265166505327
TRACE_C: rot_a_star_A_inv -0.0290510954135954 -0.0293958845208845 0.0107498771498771
TRACE_C: rot_b_star_A_inv -0.0031263923013923 0.0104376433251433 -0.0328566748566749
TRACE_C: rot_c_star_A_inv 0.0259604422604423 -0.014333015970516 -0.0106066134316134
TRACE_C: hkl_frac -6.79947236504284 -0.551489156113706 -13.6440824695513
TRACE_C: hkl_rounded -7 -1 -14
TRACE_C: F_latt_a 1.07784801455707
TRACE_C: F_latt_b -0.449728448826851
TRACE_C: F_latt_c 0.616242756954476
TRACE_C: F_latt -0.298716845788117
TRACE_C_PHI phi_tic=0 phi_deg=0 k_frac=-0.551489156113706 F_latt_b=-0.449728448826851 F_latt=-0.298716845788117
TRACE_C: F_cell 190.27
TRACE_C_PHI phi_tic=1 phi_deg=0.01 k_frac=-0.545389948518219 F_latt_b=-0.922000635392747 F_latt=-1.37606398099401
TRACE_C_PHI phi_tic=2 phi_deg=0.02 k_frac=-0.546152129298705 F_latt_b=-0.883331014829483 F_latt=-1.40101605762415
TRACE_C_PHI phi_tic=3 phi_deg=0.03 k_frac=-0.546914373031048 F_latt_b=-0.838073528591633 F_latt=-1.350515785446
TRACE_C_PHI phi_tic=4 phi_deg=0.04 k_frac=-0.54767667969203 F_latt_b=-0.78655741013 F_latt=-1.2345979646843
TRACE_C_PHI phi_tic=5 phi_deg=0.05 k_frac=-0.548439049258429 F_latt_b=-0.729158596195313 F_latt=-1.06887300680082
TRACE_C_PHI phi_tic=6 phi_deg=0.06 k_frac=-0.549201481707022 F_latt_b=-0.666297007882941 F_latt=-0.872599325711211
TRACE_C_PHI phi_tic=7 phi_deg=0.07 k_frac=-0.549963977014584 F_latt_b=-0.598433502973915 F_latt=-0.666368776095382
TRACE_C_PHI phi_tic=8 phi_deg=0.08 k_frac=-0.550726535157888 F_latt_b=-0.526066521508628 F_latt=-0.469683524462971
TRACE_C_PHI phi_tic=9 phi_deg=0.09 k_frac=-0.551489156113706 F_latt_b=-0.449728448826851 F_latt=-0.298716845788117
TRACE_C: pix0_vector_meters -0.216336514802265 0.215206668836451 -0.230198010448577
TRACE_C: fdet_vec 0.999982004873912 -0.00599800002923425 -0.000118000000575132
TRACE_C: sdet_vec -0.0059979996566955 -0.999969942765222 -0.0049129997187971
TRACE_C: pixel_pos_meters -0.038252932370361 0.0962318063475482 -0.230798380285525
TRACE_C: R_distance_meters 0.252965886495126
TRACE_C: omega_pixel_sr 4.22510655772503e-07
TRACE_C: close_distance_meters 0.231271826111781
TRACE_C: obliquity_factor 0.914241162379959
TRACE_C: diffracted_vec -0.151217750742442 0.380414164458504 -0.91236958264715
TRACE_C: incident_vec 0.000513879494092498 -0 -0.999999867963924
TRACE_C: lambda_meters 9.768e-11
TRACE_C: lambda_angstroms 0.9768
TRACE_C: scattering_vec_A_inv -1553354117.90064 3894493903.13783 897115943.046414
TRACE_C: rot_a_angstroms -14.321895204473 -21.8943166275351 -5.58202083498661
TRACE_C: rot_b_angstroms -11.4998094205115 0.699257042695769 -29.1132147806318
TRACE_C: rot_c_angstroms 21.1082346392177 -24.356169571489 -9.75265166505327
TRACE_C: rot_a_star_A_inv -0.0290510954135954 -0.0293958845208845 0.0107498771498771
TRACE_C: rot_b_star_A_inv -0.0031263923013923 0.0104376433251433 -0.0328566748566749
TRACE_C: rot_c_star_A_inv 0.0259604422604423 -0.014333015970516 -0.0106066134316134
TRACE_C: hkl_frac -6.80280276127789 -0.553140052511027 -13.6392776394094
TRACE_C: hkl_rounded -7 -1 -14
TRACE_C: F_latt_a 0.527571280675287
TRACE_C: F_latt_b -0.273605479039872
TRACE_C: F_latt_c 0.0485238712272366
TRACE_C: F_latt -0.00700424578492433
TRACE_C_PHI phi_tic=0 phi_deg=0 k_frac=-0.553140052511027 F_latt_b=-0.273605479039872 F_latt=-0.00700424578492433
TRACE_C: F_cell 190.27
TRACE_C_PHI phi_tic=1 phi_deg=0.01 k_frac=-0.547040425915854 F_latt_b=-0.829977059623366 F_latt=-1.00929639054067
TRACE_C_PHI phi_tic=2 phi_deg=0.02 k_frac=-0.54780265934823 F_latt_b=-0.777467091966123 F_latt=-0.867456878301871
TRACE_C_PHI phi_tic=3 phi_deg=0.03 k_frac=-0.548564955653343 F_latt_b=-0.719142142618937 F_latt=-0.698708935778224
TRACE_C_PHI phi_tic=4 phi_deg=0.04 k_frac=-0.549327314807974 F_latt_b=-0.655428973902766 F_latt=-0.522518197327972
TRACE_C_PHI phi_tic=5 phi_deg=0.05 k_frac=-0.5500897367889 F_latt_b=-0.586794733615285 F_latt=-0.356923326282072
TRACE_C_PHI phi_tic=6 phi_deg=0.06 k_frac=-0.550852221572895 F_latt_b=-0.513743554090389 F_latt=-0.216402339360629
TRACE_C_PHI phi_tic=7 phi_deg=0.07 k_frac=-0.551614769136734 F_latt_b=-0.43681287311641 F_latt=-0.110225432054367
TRACE_C_PHI phi_tic=8 phi_deg=0.08 k_frac=-0.552377379457188 F_latt_b=-0.356569503384752 F_latt=-0.0414967914239914
TRACE_C_PHI phi_tic=9 phi_deg=0.09 k_frac=-0.553140052511027 F_latt_b=-0.273605479039872 F_latt=-0.00700424578492433
TRACE_C: pix0_vector_meters -0.216336514802265 0.215206668836451 -0.230198010448577
TRACE_C: fdet_vec 0.999982004873912 -0.00599800002923425 -0.000118000000575132
TRACE_C: sdet_vec -0.0059979996566955 -0.999969942765222 -0.0049129997187971
TRACE_C: pixel_pos_meters -0.0381956000687482 0.0962314624622131 -0.230798387050858
TRACE_C: R_distance_meters 0.252957098531561
TRACE_C: omega_pixel_sr 4.22510655772503e-07
TRACE_C: close_distance_meters 0.231271826111781
TRACE_C: obliquity_factor 0.914272923963531
TRACE_C: diffracted_vec -0.150996355866181 0.380426020937327 -0.912401305955294
TRACE_C: incident_vec 0.000513879494092498 -0 -0.999999867963924
TRACE_C: lambda_meters 9.768e-11
TRACE_C: lambda_angstroms 0.9768
TRACE_C: scattering_vec_A_inv -1551087585.58839 3894615283.96117 896791175.354526
TRACE_C: rot_a_angstroms -14.321895204473 -21.8943166275351 -5.58202083498661
TRACE_C: rot_b_angstroms -11.4998094205115 0.699257042695769 -29.1132147806318
TRACE_C: rot_c_angstroms 21.1082346392177 -24.356169571489 -9.75265166505327
TRACE_C: rot_a_star_A_inv -0.0290510954135954 -0.0293958845208845 0.0107498771498771
TRACE_C: rot_b_star_A_inv -0.0031263923013923 0.0104376433251433 -0.0328566748566749
TRACE_C: rot_c_star_A_inv 0.0259604422604423 -0.014333015970516 -0.0106066134316134
TRACE_C: hkl_frac -6.80613333411886 -0.554792530678334 -13.6344722923975
TRACE_C: hkl_rounded -7 -1 -14
TRACE_C: F_latt_a -0.11414092247209
TRACE_C: F_latt_b -0.0874818917636449
TRACE_C: F_latt_c -0.525161283997064
TRACE_C: F_latt -0.00524387397165213
TRACE_C_PHI phi_tic=0 phi_deg=0 k_frac=-0.554792530678334 F_latt_b=-0.0874818917636449 F_latt=-0.00524387397165213
TRACE_C: F_cell 190.27
TRACE_C_PHI phi_tic=1 phi_deg=0.01 k_frac=-0.54869248536033 F_latt_b=-0.708846770206605 F_latt=-0.252699987214759
TRACE_C_PHI phi_tic=2 phi_deg=0.02 k_frac=-0.549454771410018 F_latt_b=-0.644284134127411 F_latt=-0.123812572622988
TRACE_C_PHI phi_tic=3 phi_deg=0.03 k_frac=-0.550217120253316 F_latt_b=-0.574883290673239 F_latt=-0.0231750841043092
TRACE_C_PHI phi_tic=4 phi_deg=0.04 k_frac=-0.550979531867003 F_latt_b=-0.501154034098215 F_latt=0.0419909097571485
TRACE_C_PHI phi_tic=5 phi_deg=0.05 k_frac=-0.551742006227852 F_latt_b=-0.423638809797622 F_latt=0.0706683650047318
TRACE_C_PHI phi_tic=6 phi_deg=0.06 k_frac=-0.55250454331264 F_latt_b=-0.342908746662713 F_latt=0.0680324736190674
TRACE_C_PHI phi_tic=7 phi_deg=0.07 k_frac=-0.553267143098136 F_latt_b=-0.259559471623349 F_latt=0.0446262700913246
TRACE_C_PHI phi_tic=8 phi_deg=0.08 k_frac=-0.554029805561111 F_latt_b=-0.174206736879533 F_latt=0.0148220256654576
TRACE_C_PHI phi_tic=9 phi_deg=0.09 k_frac=-0.554792530678334 F_latt_b=-0.0874818917636449 F_latt=-0.00524387397165213
TRACE_C: pix0_vector_meters -0.216336514802265 0.215206668836451 -0.230198010448577
TRACE_C: fdet_vec 0.999982004873912 -0.00599800002923425 -0.000118000000575132
TRACE_C: sdet_vec -0.0059979996566955 -0.999969942765222 -0.0049129997187971
TRACE_C: pixel_pos_meters -0.0383106085572874 0.0961748186228313 -0.230798655198842
TRACE_C: R_distance_meters 0.252953192719045
TRACE_C: omega_pixel_sr 4.22510655772503e-07
TRACE_C: close_distance_meters 0.231271826111781
TRACE_C: obliquity_factor 0.91428704111537
TRACE_C: diffracted_vec -0.151453350501249 0.380207964916469 -0.912416454277335
TRACE_C: incident_vec 0.000513879494092498 -0 -0.999999867963924
TRACE_C: lambda_meters 9.768e-11
TRACE_C: lambda_angstroms 0.9768
TRACE_C: scattering_vec_A_inv -1555766072.84338 3892382933.21528 896636094.252554
TRACE_C: rot_a_angstroms -14.321895204473 -21.8943166275351 -5.58202083498661
TRACE_C: rot_b_angstroms -11.4998094205115 0.699257042695769 -29.1132147806318
TRACE_C: rot_c_angstroms 21.1082346392177 -24.356169571489 -9.75265166505327
TRACE_C: rot_a_star_A_inv -0.0290510954135954 -0.0293958845208845 0.0107498771498771
TRACE_C: rot_b_star_A_inv -0.0031263923013923 0.0104376433251433 -0.0328566748566749
TRACE_C: rot_c_star_A_inv 0.0259604422604423 -0.014333015970516 -0.0106066134316134
TRACE_C: hkl_frac -6.79445870770106 -0.549116967252532 -13.6387593565433
TRACE_C: hkl_rounded -7 -1 -14
TRACE_C: F_latt_a 1.57957725249555
TRACE_C: F_latt_b -0.673520097153429
TRACE_C: F_latt_c -0.0161605817427687
TRACE_C: F_latt 0.0171928716196902
TRACE_C_PHI phi_tic=0 phi_deg=0 k_frac=-0.549116967252532 F_latt_b=-0.673520097153429 F_latt=0.0171928716196902
TRACE_C: F_cell 190.27
TRACE_C_PHI phi_tic=1 phi_deg=0.01 k_frac=-0.543020968240911 F_latt_b=-0.997388351135196 F_latt=-0.499326069984243
TRACE_C_PHI phi_tic=2 phi_deg=0.02 k_frac=-0.5437827479456 F_latt_b=-0.980761699903253 F_latt=-0.585285330098434
TRACE_C_PHI phi_tic=3 phi_deg=0.03 k_frac=-0.544544590602927 F_latt_b=-0.956849518685402 F_latt=-0.607065563063692
TRACE_C_PHI phi_tic=4 phi_deg=0.04 k_frac=-0.545306496189683 F_latt_b=-0.925822212519235 F_latt=-0.56947050772439
TRACE_C_PHI phi_tic=5 phi_deg=0.05 k_frac=-0.54606846468266 F_latt_b=-0.887902989861407 F_latt=-0.48328862838746
TRACE_C_PHI phi_tic=6 phi_deg=0.06 k_frac=-0.546830496058647 F_latt_b=-0.843366280463134 F_latt=-0.363819449952135
TRACE_C_PHI phi_tic=7 phi_deg=0.07 k_frac=-0.547592590294432 F_latt_b=-0.79253577322841 F_latt=-0.228879502492876
TRACE_C_PHI phi_tic=8 phi_deg=0.08 k_frac=-0.548354747366799 F_latt_b=-0.73578208790218 F_latt=-0.0965304574150903
TRACE_C_PHI phi_tic=9 phi_deg=0.09 k_frac=-0.549116967252532 F_latt_b=-0.673520097153429 F_latt=0.0171928716196902
TRACE_C: pix0_vector_meters -0.216336514802265 0.215206668836451 -0.230198010448577
TRACE_C: fdet_vec 0.999982004873912 -0.00599800002923425 -0.000118000000575132
TRACE_C: sdet_vec -0.0059979996566955 -0.999969942765222 -0.0049129997187971
TRACE_C: pixel_pos_meters -0.0382532762556746 0.0961744747374963 -0.230798661964175
TRACE_C: R_distance_meters 0.25294439131908
TRACE_C: omega_pixel_sr 4.22510655772503e-07
TRACE_C: close_distance_meters 0.231271826111781
TRACE_C: obliquity_factor 0.914318854455406
TRACE_C: diffracted_vec -0.151231960733296 0.380219835023642 -0.91244822927515
TRACE_C: incident_vec 0.000513879494092498 -0 -0.999999867963924
TRACE_C: lambda_meters 9.768e-11
TRACE_C: lambda_angstroms 0.9768
TRACE_C: scattering_vec_A_inv -1553499592.82748 3892504453.55899 896310797.38712
TRACE_C: rot_a_angstroms -14.321895204473 -21.8943166275351 -5.58202083498661
TRACE_C: rot_b_angstroms -11.4998094205115 0.699257042695769 -29.1132147806318
TRACE_C: rot_c_angstroms 21.1082346392177 -24.356169571489 -9.75265166505327
TRACE_C: rot_a_star_A_inv -0.0290510954135954 -0.0293958845208845 0.0107498771498771
TRACE_C: rot_b_star_A_inv -0.0031263923013923 0.0104376433251433 -0.0328566748566749
TRACE_C: rot_c_star_A_inv 0.0259604422604423 -0.014333015970516 -0.0106066134316134
TRACE_C: hkl_frac -6.79778921572827 -0.550767834929652 -13.6339539436533
TRACE_C: hkl_rounded -7 -1 -14
TRACE_C: F_latt_a 1.29710320813124
TRACE_C: F_latt_b -0.522029039239853
TRACE_C: F_latt_c -0.580224353631954
TRACE_C: F_latt 0.392884729665229
TRACE_C_PHI phi_tic=0 phi_deg=0 k_frac=-0.550767834929652 F_latt_b=-0.522029039239853 F_latt=0.392884729665229
TRACE_C: F_cell 190.27
TRACE_C_PHI phi_tic=1 phi_deg=0.01 k_frac=-0.544671416976349 F_latt_b=-0.952172805203297 F_latt=-0.176442001988796
TRACE_C_PHI phi_tic=2 phi_deg=0.02 k_frac=-0.5454332493257 F_latt_b=-0.91998526372571 F_latt=-0.0743577780944706
TRACE_C_PHI phi_tic=3 phi_deg=0.03 k_frac=-0.546195144548562 F_latt_b=-0.880949460059604 F_latt=0.0498029156053387
TRACE_C_PHI phi_tic=4 phi_deg=0.04 k_frac=-0.546957102621727 F_latt_b=-0.835348069092812 F_latt=0.178093645337743
TRACE_C_PHI phi_tic=5 phi_deg=0.05 k_frac=-0.547719123521983 F_latt_b=-0.783512641245252 F_latt=0.292941179034978
TRACE_C_PHI phi_tic=6 phi_deg=0.06 k_frac=-0.548481207226119 F_latt_b=-0.725821216138257 F_latt=0.379365378973156
TRACE_C_PHI phi_tic=7 phi_deg=0.07 k_frac=-0.549243353710921 F_latt_b=-0.662695589895463 F_latt=0.426873917600585
TRACE_C_PHI phi_tic=8 phi_deg=0.08 k_frac=-0.550005562953171 F_latt_b=-0.594598255646098 F_latt=0.430795870589232
TRACE_C_PHI phi_tic=9 phi_deg=0.09 k_frac=-0.550767834929652 F_latt_b=-0.522029039239853 F_latt=0.392884729665229
TRACE_C: pix0_vector_meters -0.216336514802265 0.215206668836451 -0.230198010448577
TRACE_C: fdet_vec 0.999982004873912 -0.00599800002923425 -0.000118000000575132
TRACE_C: sdet_vec -0.0059979996566955 -0.999969942765222 -0.0049129997187971
TRACE_C: pixel_pos_meters -0.0381959439540618 0.0961741308521613 -0.230798668729509
TRACE_C: R_distance_meters 0.252935602608696
TRACE_C: omega_pixel_sr 4.22510655772503e-07
TRACE_C: close_distance_meters 0.231271826111781
TRACE_C: obliquity_factor 0.914350624137206
TRACE_C: diffracted_vec -0.151010547981863 0.380231686880979 -0.912479960705912
TRACE_C: incident_vec 0.000513879494092498 -0 -0.999999867963924
TRACE_C: lambda_meters 9.768e-11
TRACE_C: lambda_angstroms 0.9768
TRACE_C: scattering_vec_A_inv -1551232877.51797 3892625787.06981 895985946.539845
TRACE_C: rot_a_angstroms -14.321895204473 -21.8943166275351 -5.58202083498661
TRACE_C: rot_b_angstroms -11.4998094205115 0.699257042695769 -29.1132147806318
TRACE_C: rot_c_angstroms 21.1082346392177 -24.356169571489 -9.75265166505327
TRACE_C: rot_a_star_A_inv -0.0290510954135954 -0.0293958845208845 0.0107498771498771
TRACE_C: rot_b_star_A_inv -0.0031263923013923 0.0104376433251433 -0.0328566748566749
TRACE_C: rot_c_star_A_inv 0.0259604422604423 -0.014333015970516 -0.0106066134316134
TRACE_C: hkl_frac -6.80111990065096 -0.55242028475661 -13.6291480140327
TRACE_C: hkl_rounded -7 -1 -14
TRACE_C: F_latt_a 0.822112018913725
TRACE_C: F_latt_b -0.351968641001566
TRACE_C: F_latt_c -0.970775295443879
TRACE_C: F_latt 0.280901258214408
TRACE_C_PHI phi_tic=0 phi_deg=0 k_frac=-0.55242028475661 F_latt_b=-0.351968641001566 F_latt=0.280901258214408
TRACE_C: F_cell 190.27
TRACE_C_PHI phi_tic=1 phi_deg=0.01 k_frac=-0.54632344813837 F_latt_b=-0.873721797690764 F_latt=0.572489363486985
TRACE_C_PHI phi_tic=2 phi_deg=0.02 k_frac=-0.54708533309782 F_latt_b=-0.827051600236684 F_latt=0.685944537539056
TRACE_C_PHI phi_tic=3 phi_deg=0.03 k_frac=-0.547847280851646 F_latt_b=-0.774209156599692 F_latt=0.759823117704914
TRACE_C_PHI phi_tic=4 phi_deg=0.04 k_frac=-0.548609291376639 F_latt_b=-0.715579941169286 F_latt=0.784695593889843
TRACE_C_PHI phi_tic=5 phi_deg=0.05 k_frac=-0.549371364649586 F_latt_b=-0.65159267355551 F_latt=0.757325462239266
TRACE_C_PHI phi_tic=6 phi_deg=0.06 k_frac=-0.550133500647274 F_latt_b=-0.582716207948497 F_latt=0.681132209646159
TRACE_C_PHI phi_tic=7 phi_deg=0.07 k_frac=-0.550895699346486 F_latt_b=-0.509456121817057 F_latt=0.56583884808756
TRACE_C_PHI phi_tic=8 phi_deg=0.08 k_frac=-0.551657960724005 F_latt_b=-0.432351028585179 F_latt=0.42633735881785
TRACE_C_PHI phi_tic=9 phi_deg=0.09 k_frac=-0.55242028475661 F_latt_b=-0.351968641001566 F_latt=0.280901258214408
TRACE_C: I_before_scaling 1040484.28846826
TRACE_C: r_e_meters 2.81794117756025e-15
TRACE_C: r_e_sqr 7.94079248018965e-30
TRACE_C: fluence_photons_per_m2 1e+24
TRACE_C: steps 90
TRACE_C: oversample_thick 0
TRACE_C: oversample_polar 0
TRACE_C: oversample_omega 0
TRACE_C: capture_fraction 1
TRACE_C: polar 0.916037285218247
TRACE_C: omega_pixel 4.22510655772503e-07
TRACE_C: cos_2theta 0.912402239001639
TRACE_C: I_pixel_final 3.55310204984805e-08
TRACE_C: floatimage_accumulated 3.55310199040559e-08
2% done
2% done
2% done
2% done
2% done
2% done
2% done
2% done
2% done
2% done
2% done
2% done
2% done
2% done
2% done
2% done
2% done
2% done
2% done
2% done
2% done
2% done
2% done
2% done
2% done
2% done
2% done
2% done
2% done
2% done
2% done
2% done

solid angle subtended by detector = 0.192248 steradian ( 1.52986% sphere)
writing c_phi.bin as 6224001 4-byte floats
max_I = 307.082  at 0.117619 0.177819
mean= 0.000950719 rms= 0.238232 rmsd= 0.23823
intfile_scale = 179.105
writing intimage.img as 2-byte integers
pgm_scale = 209.881
writing image.pgm as 1-byte integers
5882 photons on noise image (0 overloads)
writing noiseimage.img as 2-byte integers
