Already up to date.
Waiting for expected_actor=galph...
Already up to date.
[sync] state: actor=ralph status=running-ralph iter=75
Already up to date.
Already up to date.
Already up to date.
Already up to date.
Already up to date.
Already up to date.
Already up to date.
Already up to date.
Already up to date.
Already up to date.
Already up to date.
Already up to date.
Already up to date.
Already up to date.
Already up to date.
error: cannot pull with rebase: Your index contains uncommitted changes.
error: Please commit or stash them.
