tests/test_tricubic_vectorized.py::TestTricubicGather::test_vectorized_matches_scalar
tests/test_tricubic_vectorized.py::TestTricubicGather::test_neighborhood_gathering_internals
tests/test_tricubic_vectorized.py::TestTricubicGather::test_oob_warning_single_fire
tests/test_tricubic_vectorized.py::TestTricubicGather::test_device_neutrality[cpu]
tests/test_tricubic_vectorized.py::TestTricubicGather::test_device_neutrality[cuda]
tests/test_tricubic_vectorized.py::TestTricubicPoly::test_polint_matches_scalar_batched
tests/test_tricubic_vectorized.py::TestTricubicPoly::test_polint_gradient_flow
tests/test_tricubic_vectorized.py::TestTricubicPoly::test_polin2_matches_scalar_batched
tests/test_tricubic_vectorized.py::TestTricubicPoly::test_polin2_gradient_flow
tests/test_tricubic_vectorized.py::TestTricubicPoly::test_polin3_matches_scalar_batched
tests/test_tricubic_vectorized.py::TestTricubicPoly::test_polin3_gradient_flow
tests/test_tricubic_vectorized.py::TestTricubicPoly::test_polin3_batch_shape_preserved
tests/test_tricubic_vectorized.py::TestTricubicPoly::test_polynomials_support_float64[dtype0]
tests/test_tricubic_vectorized.py::TestTricubicPoly::test_polynomials_support_float64[dtype1]
tests/test_tricubic_vectorized.py::TestTricubicPoly::test_polynomials_device_neutral[cpu]
tests/test_tricubic_vectorized.py::TestTricubicPoly::test_polynomials_device_neutral[cuda]
tests/test_at_str_002.py::test_tricubic_interpolation_enabled
tests/test_at_str_002.py::test_tricubic_out_of_bounds_fallback
tests/test_at_str_002.py::test_auto_enable_interpolation

19 tests collected in 2.09s
