TRACE_C:detector_convention=MOSFLM
TRACE_C:angles_rad=rotx:0 roty:0 rotz:0 twotheta:0
TRACE_C:beam_center_m=X:0.000217742295 Y:0.00021390708 pixel_mm:0.172
TRACE_C:initial_fdet=0 0 1
TRACE_C:initial_sdet=0 -1 0
TRACE_C:initial_odet=1 0 0
TRACE_C:Rx=[1 0 0; 0 1 -0; 0 0 1]
TRACE_C:Ry=[1 0 0; 0 1 0; -0 0 1]
TRACE_C:Rz=[1 -0 0; 0 1 0; 0 0 1]
TRACE_C:R_total=[1 0 0; 0 1 0; 0 0 1]
TRACE_C:fdet_after_rotz=0.999982004873912 -0.00599800002923425 -0.000118000000575132
TRACE_C:sdet_after_rotz=-0.0059979996566955 -0.999969942765222 -0.0049129997187971
TRACE_C:odet_after_rotz=-8.85282813644494e-05 0.00491361907271126 -0.999987924182263
TRACE_C:twotheta_axis=0 1 0
TRACE_C:fdet_after_twotheta=0.999982004873912 -0.00599800002923425 -0.000118000000575132
TRACE_C:sdet_after_twotheta=-0.0059979996566955 -0.999969942765222 -0.0049129997187971
TRACE_C:odet_after_twotheta=-8.85282813644494e-05 0.00491361907271126 -0.999987924182263
TRACE_C:convention_mapping=Fbeam←Ybeam_mm(+0.5px),Sbeam←Xbeam_mm(+0.5px),beam_vec=[1 0 0]
TRACE_C:Fbeam_m=0.217742295
TRACE_C:Sbeam_m=0.21390708
TRACE_C:distance_m=0.23127466
TRACE_C:term_fast=-0.217738376699947 0.00130601829177553 2.56935909352306e-05
TRACE_C:term_slow=0.00128301459240474 0.213900650544676 0.00105092542388871
TRACE_C:term_beam=0.000118847305277214 0 -0.231274629463401
TRACE_C:pix0_vector=-0.216336514802265 0.215206668836451 -0.230198010448577
